13:07:26.084 detox[93269] [90mB[39m ../../node_modules/detox/local-cli/cli.js test --configuration android.emu.debug --record-logs all --take-screenshots failing --artifacts-location apps/aws-amplify-cognito-e2e/artifacts --loglevel info --reuse false
  data: {
    "id": "4af13bd2-9826-1f8a-89ad-d6c610a09233",
    "detoxConfig": {
      "configurationName": "android.emu.debug",
      "apps": {
        "default": {
          "type": "android.apk",
          "build": "cd ../../apps/aws-amplify-cognito/android && ./gradlew assembleDebug assembleAndroidTest -DtestBuildType=debug",
          "binaryPath": "../../apps/aws-amplify-cognito/android/app/build/outputs/apk/debug/app-debug.apk",
          "testBinaryPath": "../../apps/aws-amplify-cognito/android/app/build/outputs/apk/androidTest/debug/app-debug-androidTest.apk",
          "reversePorts": [
            8081
          ],
          "launchArgs": {
            "detoxEnableSynchronization": 0
          }
        }
      },
      "artifacts": {
        "rootDir": "apps/aws-amplify-cognito-e2e/artifacts/android.emu.debug.2026-05-10 17-07-26Z",
        "plugins": {
          "log": {
            "enabled": true,
            "keepOnlyFailedTestsArtifacts": false
          },
          "screenshot": {
            "enabled": true,
            "shouldTakeAutomaticSnapshots": true,
            "keepOnlyFailedTestsArtifacts": true
          },
          "video": {
            "enabled": false,
            "keepOnlyFailedTestsArtifacts": false
          },
          "instruments": {
            "enabled": false,
            "keepOnlyFailedTestsArtifacts": false
          },
          "uiHierarchy": {
            "enabled": false,
            "keepOnlyFailedTestsArtifacts": false
          }
        }
      },
      "behavior": {
        "init": {
          "keepLockFile": false,
          "reinstallApp": true,
          "exposeGlobals": true
        },
        "cleanup": {
          "shutdownDevice": false
        },
        "launchApp": "auto"
      },
      "cli": {
        "artifactsLocation": "apps/aws-amplify-cognito-e2e/artifacts",
        "recordLogs": "all",
        "takeScreenshots": "failing",
        "configuration": "android.emu.debug",
        "loglevel": "info",
        "reuse": false,
        "start": true
      },
      "commands": [
        {
          "appName": "default",
          "build": "cd ../../apps/aws-amplify-cognito/android && ./gradlew assembleDebug assembleAndroidTest -DtestBuildType=debug"
        }
      ],
      "device": {
        "type": "android.emulator",
        "device": {
          "avdName": "Pixel_3a_API_34_extension_level_7_arm64-v8a"
        }
      },
      "logger": {
        "level": "info",
        "overrideConsole": true,
        "options": {
          "showLoggerName": true,
          "showPid": true,
          "showLevel": false,
          "showMetadata": false,
          "basepath": "/Users/anirudhmangalvedhekar/Projects/notes/node_modules/detox/src",
          "prefixers": {},
          "stringifiers": {}
        }
      },
      "testRunner": {
        "retries": 0,
        "forwardEnv": false,
        "detached": false,
        "bail": false,
        "noRetryArgs": [
          "shard"
        ],
        "jest": {
          "setupTimeout": 120000,
          "teardownTimeout": 30000,
          "retryAfterCircusRetries": false,
          "reportWorkerAssign": true
        },
        "args": {
          "$0": "jest",
          "_": [],
          "config": "./jest.config.cts",
          "--": []
        }
      },
      "session": {
        "autoStart": true,
        "debugSynchronization": 10000
      }
    },
    "detoxIPCServer": "primary-93269",
    "testResults": [],
    "testSessionIndex": 0,
    "workersCount": 0
  }
13:07:26.092 detox[93269] [90mi[39m Server path not specified, so defaulting to ipc.config.socketRoot + ipc.config.appspace + ipc.config.id /tmp/detox.primary-93269
13:07:26.095 detox[93269] [90mi[39m starting server on  /tmp/detox.primary-93269 
13:07:26.095 detox[93269] [90mi[39m starting TLS server false
13:07:26.095 detox[93269] [90mi[39m starting server as Unix || Windows Socket
13:07:26.098 detox[93269] [90mi[39m Detox server listening on localhost:52322...
13:07:26.101 detox[93269] [90mi[39m Serialized the session state at: /private/var/folders/k9/lh289f3d6pg82qb90qdb39d80000gn/T/4af13bd2-9826-1f8a-89ad-d6c610a09233.detox.json
13:07:26.101 detox[93269] [90mB[39m jest --config ./jest.config.cts
13:07:26.879 detox[93271] [90mi[39m Service path not specified, so defaulting to ipc.config.socketRoot + ipc.config.appspace + id 
13:07:26.880 detox[93271] [90mi[39m requested connection to  primary-93269 /tmp/detox.primary-93269
13:07:26.880 detox[93271] [90mi[39m Connecting client on Unix Socket : /tmp/detox.primary-93269
13:07:26.881 detox[93269] [90mi[39m ## socket connection to server detected ##
13:07:26.881 detox[93271] [90mi[39m retrying reset
13:07:26.883 detox[93271] [90mi[39m dispatching event to  primary-93269 /tmp/detox.primary-93269  :  registerContext , { id: 'secondary-93271' }
13:07:26.885 detox[93269] [90mi[39m received event of :  registerContext { id: 'secondary-93271' }
13:07:26.885 detox[93269] [90mi[39m dispatching event to socket  :  registerContextDone {
  testResults: [],
  testSessionIndex: 0,
  unsafe_earlyTeardown: undefined
}
13:07:26.886 detox[93271] [90mi[39m ## received events ##
13:07:26.886 detox[93271] [90mi[39m detected event registerContextDone { testResults: [], testSessionIndex: 0 }
13:07:26.998 detox[93271] [90mB[39m src/app.spec.ts
13:07:27.010 detox[93271] [90mB[39m set up environment
13:07:27.011 detox[93271] [90mi[39m dispatching event to  primary-93269 /tmp/detox.primary-93269  :  registerWorker , { workerId: 'w1' }
13:07:27.012 detox[93269] [90mi[39m received event of :  registerWorker { workerId: 'w1' }
13:07:27.012 detox[93269] [90mi[39m dispatching event to socket  :  registerWorkerDone { workersCount: 1 }
13:07:27.012 detox[93269] [90mi[39m broadcasting event to all known sockets listening to  /tmp/detox.primary-93269  :   sessionStateUpdate { workersCount: 1 }
13:07:27.012 detox[93271] [90mi[39m ## received events ##
13:07:27.012 detox[93271] [90mi[39m detected event registerWorkerDone { workersCount: 1 }
13:07:27.012 detox[93271] [90mi[39m detected event sessionStateUpdate { workersCount: 1 }
13:07:27.258 detox[93269] [90mB[39m connection :52322<->:52326
13:07:27.260 detox[93271] [90mi[39m opened web socket to: ws://localhost:52322
13:07:27.262 detox[93269] [90mi[39m get
  data: {"type":"login","params":{"sessionId":"a5fd5dfd-3c6c-cbf7-dd34-0d82597f9b9c","role":"tester"},"messageId":0}
13:07:27.262 detox[93271] [90mi[39m send message
  data: {"type":"login","params":{"sessionId":"a5fd5dfd-3c6c-cbf7-dd34-0d82597f9b9c","role":"tester"},"messageId":0}
13:07:27.263 detox[93269] [90mi[39m created session a5fd5dfd-3c6c-cbf7-dd34-0d82597f9b9c
13:07:27.263 detox[93269] [90mi[39m send
  data: {
    "type": "loginSuccess",
    "params": {
      "testerConnected": true,
      "appConnected": false
    },
    "messageId": 0
  }
13:07:27.263 detox[93269] [90mi[39m tester joined session a5fd5dfd-3c6c-cbf7-dd34-0d82597f9b9c
13:07:27.263 detox[93271] [90mi[39m get message
  data: {"type":"loginSuccess","params":{"testerConnected":true,"appConnected":false},"messageId":0}
   
13:07:27.328 detox[93269] [90mi[39m received event of :  allocateDevice {
  deviceConfig: {
    type: 'android.emulator',
    device: { avdName: 'Pixel_3a_API_34_extension_level_7_arm64-v8a' }
  }
}
13:07:27.328 detox[93271] [90mi[39m dispatching event to  primary-93269 /tmp/detox.primary-93269  :  allocateDevice , {
  deviceConfig: {
    type: 'android.emulator',
    device: { avdName: 'Pixel_3a_API_34_extension_level_7_arm64-v8a' }
  }
}
13:07:27.362 detox[93269] [90mB[39m init
  args: ()
13:07:27.366 detox[93269] [90mE[39m init
13:07:27.366 detox[93269] [90mB[39m allocate
  data: {
    "type": "android.emulator",
    "device": {
      "avdName": "Pixel_3a_API_34_extension_level_7_arm64-v8a"
    }
  }
13:07:27.828 detox[93269] [90mi[39m Detected emulator binary version { major: 36, minor: 1, patch: 9, toString: [Function: toString] }
13:07:27.829 detox[93269] [90mi[39m "/Users/anirudhmangalvedhekar/Library/Android/sdk/platform-tools/adb"  devices
13:07:27.850 detox[93269] [90mi[39m List of devices attached
8A9X0NNTV	device
emulator-19932	device


13:07:27.851 detox[93269] [90mi[39m Device 8A9X0NNTV does not match "Pixel_3a_API_34_extension_level_7_arm64-v8a"
13:07:27.851 detox[93269] [90mi[39m port: 19932, host: localhost
13:07:27.870 detox[93269] [90mi[39m Found a matching & free device emulator-19932
13:07:27.871 detox[93269] [90mi[39m settled on emulator-19932 (Pixel_3a_API_34_extension_level_7_arm64-v8a)
  data: {
    "id": "emulator-19932",
    "adbName": "emulator-19932",
    "name": "emulator-19932 (Pixel_3a_API_34_extension_level_7_arm64-v8a)"
  }
13:07:27.871 detox[93269] [90mE[39m allocate
13:07:27.871 detox[93269] [90mB[39m post-allocate: emulator-19932
  data: {
    "id": "emulator-19932",
    "adbName": "emulator-19932",
    "name": "emulator-19932 (Pixel_3a_API_34_extension_level_7_arm64-v8a)"
  }
13:07:27.871 detox[93269] [90mi[39m "/Users/anirudhmangalvedhekar/Library/Android/sdk/platform-tools/adb" -s emulator-19932 shell "getprop dev.bootcomplete"
13:07:28.211 detox[93269] [90mi[39m 1

13:07:28.212 detox[93269] [90mi[39m "/Users/anirudhmangalvedhekar/Library/Android/sdk/platform-tools/adb" -s emulator-19932 shell "getprop ro.build.version.sdk"
13:07:28.333 detox[93269] [90mi[39m 34

13:07:28.333 detox[93269] [90mi[39m "/Users/anirudhmangalvedhekar/Library/Android/sdk/platform-tools/adb" -s emulator-19932 shell "settings put global animator_duration_scale 0"
13:07:28.575 detox[93269] [90mi[39m 
13:07:28.575 detox[93269] [90mi[39m "/Users/anirudhmangalvedhekar/Library/Android/sdk/platform-tools/adb" -s emulator-19932 shell "settings put global window_animation_scale 0"
13:07:28.649 detox[93269] [90mi[39m 
13:07:28.649 detox[93269] [90mi[39m "/Users/anirudhmangalvedhekar/Library/Android/sdk/platform-tools/adb" -s emulator-19932 shell "settings put global transition_animation_scale 0"
13:07:28.789 detox[93269] [90mi[39m 
13:07:28.789 detox[93269] [90mi[39m "/Users/anirudhmangalvedhekar/Library/Android/sdk/platform-tools/adb" -s emulator-19932 shell "dumpsys power | grep \"^[ ]*m[UW].*=\""
13:07:28.981 detox[93269] [90mi[39m   mWakefulness=Awake
  mWakefulnessChanging=false
  mWakeLockSummary=0x0
  mWakeUpWhenPluggedOrUnpluggedConfig=false
  mWakeUpWhenPluggedOrUnpluggedInTheaterModeConfig=false
  mUserActivityTimeoutOverrideFromWindowManager=-1
  mUserInactiveOverrideFromWindowManager=false
  mUserId=0
  mWakeLockSummary=0x0
  mUserInteractionBackoffMillis=60000

13:07:28.981 detox[93269] [90mE[39m post-allocate: emulator-19932
13:07:28.981 detox[93269] [90mi[39m dispatching event to socket  :  allocateDeviceDone {
  deviceCookie: {
    id: 'emulator-19932',
    adbName: 'emulator-19932',
    name: 'emulator-19932 (Pixel_3a_API_34_extension_level_7_arm64-v8a)'
  }
}
13:07:28.981 detox[93271] [90mi[39m ## received events ##
13:07:28.982 detox[93271] [90mi[39m detected event allocateDeviceDone {
  deviceCookie: {
    id: 'emulator-19932',
    adbName: 'emulator-19932',
    name: 'emulator-19932 (Pixel_3a_API_34_extension_level_7_arm64-v8a)'
  }
}
13:07:29.007 detox[93271] [90mB[39m onBootDevice
  args: ({"deviceId":"emulator-19932"})
13:07:29.007 detox[93271] [90mE[39m onBootDevice
13:07:29.008 detox[93271] [90mB[39m installUtilBinaries
  args: ()
13:07:29.008 detox[93271] [90mE[39m installUtilBinaries
13:07:29.008 detox[93271] [90mB[39m selectApp
  args: ("default")
13:07:29.009 detox[93271] [90mi[39m "/Users/anirudhmangalvedhekar/Library/Android/sdk/build-tools/36.0.0/aapt" dump badging "/Users/anirudhmangalvedhekar/Projects/notes/apps/aws-amplify-cognito/android/app/build/outputs/apk/debug/app-debug.apk"
13:07:29.038 detox[93271] [90mi[39m package: name='com.awsamplifycognito' versionCode='1' versionName='1.0' platformBuildVersionName='15' platformBuildVersionCode='35' compileSdkVersion='35' compileSdkVersionCodename='15'
sdkVersion:'24'
targetSdkVersion:'35'
uses-permission: name='android.permission.INTERNET'
uses-permission: name='android.permission.SYSTEM_ALERT_WINDOW'
uses-permission: name='com.awsamplifycognito.DYNAMIC_RECEIVER_NOT_EXPORTED_PERMISSION'
application-label:'AwsAmplifyCognito'
application-label-af:'AwsAmplifyCognito'
application-label-am:'AwsAmplifyCognito'
application-label-ar:'AwsAmplifyCognito'
application-label-as:'AwsAmplifyCognito'
application-label-az:'AwsAmplifyCognito'
application-label-be:'AwsAmplifyCognito'
application-label-bg:'AwsAmplifyCognito'
application-label-bn:'AwsAmplifyCognito'
application-label-bs:'AwsAmplifyCognito'
application-label-ca:'AwsAmplifyCognito'
application-label-cs:'AwsAmplifyCognito'
application-label-da:'AwsAmplifyCognito'
application-label-de:'AwsAmplifyCognito'
application-label-el:'AwsAmplifyCognito'
application-label-en-AU:'AwsAmplifyCognito'
application-label-en-CA:'AwsAmplifyCognito'
application-label-en-GB:'AwsAmplifyCognito'
application-label-en-IN:'AwsAmplifyCognito'
application-label-en-XC:'AwsAmplifyCognito'
application-label-es:'AwsAmplifyCognito'
application-label-es-ES:'AwsAmplifyCognito'
application-label-es-US:'AwsAmplifyCognito'
application-label-et:'AwsAmplifyCognito'
application-label-eu:'AwsAmplifyCognito'
application-label-fa:'AwsAmplifyCognito'
application-label-fi:'AwsAmplifyCognito'
application-label-fr:'AwsAmplifyCognito'
application-label-fr-CA:'AwsAmplifyCognito'
application-label-gl:'AwsAmplifyCognito'
application-label-gu:'AwsAmplifyCognito'
application-label-hi:'AwsAmplifyCognito'
application-label-hr:'AwsAmplifyCognito'
application-label-hu:'AwsAmplifyCognito'
application-label-hy:'AwsAmplifyCognito'
application-label-in:'AwsAmplifyCognito'
application-label-is:'AwsAmplifyCognito'
application-label-it:'AwsAmplifyCognito'
application-label-iw:'AwsAmplifyCognito'
application-label-ja:'AwsAmplifyCognito'
application-label-ka:'AwsAmplifyCognito'
application-label-kk:'AwsAmplifyCognito'
application-label-km:'AwsAmplifyCognito'
application-label-kn:'AwsAmplifyCognito'
application-label-ko:'AwsAmplifyCognito'
application-label-ky:'AwsAmplifyCognito'
application-label-lo:'AwsAmplifyCognito'
application-label-lt:'AwsAmplifyCognito'
application-label-lv:'AwsAmplifyCognito'
application-label-mk:'AwsAmplifyCognito'
application-label-ml:'AwsAmplifyCognito'
application-label-mn:'AwsAmplifyCognito'
application-label-mr:'AwsAmplifyCognito'
application-label-ms:'AwsAmplifyCognito'
application-label-my:'AwsAmplifyCognito'
application-label-nb:'AwsAmplifyCognito'
application-label-ne:'AwsAmplifyCognito'
application-label-nl:'AwsAmplifyCognito'
application-label-or:'AwsAmplifyCognito'
application-label-pa:'AwsAmplifyCognito'
application-label-pl:'AwsAmplifyCognito'
application-label-pt:'AwsAmplifyCognito'
application-label-pt-BR:'AwsAmplifyCognito'
application-label-pt-PT:'AwsAmplifyCognito'
application-label-ro:'AwsAmplifyCognito'
application-label-ru:'AwsAmplifyCognito'
application-label-si:'AwsAmplifyCognito'
application-label-sk:'AwsAmplifyCognito'
application-label-sl:'AwsAmplifyCognito'
application-label-sq:'AwsAmplifyCognito'
application-label-sr:'AwsAmplifyCognito'
application-label-sr-Latn:'AwsAmplifyCognito'
application-label-sv:'AwsAmplifyCognito'
application-label-sw:'AwsAmplifyCognito'
application-label-ta:'AwsAmplifyCognito'
application-label-te:'AwsAmplifyCognito'
application-label-th:'AwsAmplifyCognito'
application-label-tl:'AwsAmplifyCognito'
application-label-tr:'AwsAmplifyCognito'
application-label-uk:'AwsAmplifyCognito'
application-label-ur:'AwsAmplifyCognito'
application-label-uz:'AwsAmplifyCognito'
application-label-vi:'AwsAmplifyCognito'
application-label-zh-CN:'AwsAmplifyCognito'
application-label-zh-HK:'AwsAmplifyCognito'
application-label-zh-TW:'AwsAmplifyCognito'
application-label-zu:'AwsAmplifyCognito'
application-icon-120:'res/mipmap-mdpi-v4/ic_launcher.png'
application-icon-160:'res/mipmap-mdpi-v4/ic_launcher.png'
application-icon-240:'res/mipmap-hdpi-v4/ic_launcher.png'
application-icon-320:'res/mipmap-xhdpi-v4/ic_launcher.png'
application-icon-480:'res/mipmap-xxhdpi-v4/ic_launcher.png'
application-icon-640:'res/mipmap-xxxhdpi-v4/ic_launcher.png'
application-icon-65534:'res/mipmap-mdpi-v4/ic_launcher.png'
application: label='AwsAmplifyCognito' icon='res/mipmap-mdpi-v4/ic_launcher.png'
application-debuggable
launchable-activity: name='com.awsamplifycognito.MainActivity'  label='AwsAmplifyCognito' icon=''
feature-group: label=''
  uses-feature: name='android.hardware.faketouch'
  uses-implied-feature: name='android.hardware.faketouch' reason='default feature for all apps'
main
other-activities
other-receivers
supports-screens: 'small' 'normal' 'large' 'xlarge'
supports-any-density: 'true'
locales: '--_--' 'af' 'am' 'ar' 'as' 'az' 'be' 'bg' 'bn' 'bs' 'ca' 'cs' 'da' 'de' 'el' 'en-AU' 'en-CA' 'en-GB' 'en-IN' 'en-XC' 'es' 'es-ES' 'es-US' 'et' 'eu' 'fa' 'fi' 'fr' 'fr-CA' 'gl' 'gu' 'hi' 'hr' 'hu' 'hy' 'in' 'is' 'it' 'iw' 'ja' 'ka' 'kk' 'km' 'kn' 'ko' 'ky' 'lo' 'lt' 'lv' 'mk' 'ml' 'mn' 'mr' 'ms' 'my' 'nb' 'ne' 'nl' 'or' 'pa' 'pl' 'pt' 'pt-BR' 'pt-PT' 'ro' 'ru' 'si' 'sk' 'sl' 'sq' 'sr' 'sr-Latn' 'sv' 'sw' 'ta' 'te' 'th' 'tl' 'tr' 'uk' 'ur' 'uz' 'vi' 'zh-CN' 'zh-HK' 'zh-TW' 'zu'
densities: '120' '160' '240' '320' '480' '640' '65534'
native-code: 'arm64-v8a' 'armeabi-v7a' 'x86' 'x86_64'

13:07:29.039 detox[93271] [90mE[39m selectApp
13:07:29.039 detox[93271] [90mB[39m uninstallApp
  args: ()
13:07:29.039 detox[93271] [90mB[39m onBeforeUninstallApp
  args: ({"deviceId":"emulator-19932","bundleId":"com.awsamplifycognito"})
13:07:29.039 detox[93271] [90mE[39m onBeforeUninstallApp
13:07:29.039 detox[93271] [90mi[39m "/Users/anirudhmangalvedhekar/Library/Android/sdk/platform-tools/adb" -s emulator-19932 shell "pm list packages com.awsamplifycognito"
13:07:29.245 detox[93271] [90mi[39m package:com.awsamplifycognito.test
package:com.awsamplifycognito

13:07:29.245 detox[93271] [90mi[39m "/Users/anirudhmangalvedhekar/Library/Android/sdk/platform-tools/adb" -s emulator-19932 uninstall com.awsamplifycognito
13:07:30.840 detox[93271] [90mi[39m Success

13:07:30.841 detox[93271] [90mi[39m "/Users/anirudhmangalvedhekar/Library/Android/sdk/platform-tools/adb" -s emulator-19932 shell "pm list packages com.awsamplifycognito.test"
13:07:31.089 detox[93271] [90mi[39m package:com.awsamplifycognito.test

13:07:31.089 detox[93271] [90mi[39m "/Users/anirudhmangalvedhekar/Library/Android/sdk/platform-tools/adb" -s emulator-19932 uninstall com.awsamplifycognito.test
13:07:33.020 detox[93271] [90mi[39m Success

13:07:33.020 detox[93271] [90mE[39m uninstallApp
13:07:33.021 detox[93271] [90mB[39m selectApp
  args: ("default")
13:07:33.023 detox[93271] [90mB[39m terminateApp
  args: ()
13:07:33.023 detox[93271] [90mB[39m onBeforeTerminateApp
  args: ({"deviceId":"emulator-19932","bundleId":"com.awsamplifycognito"})
13:07:33.024 detox[93271] [90mE[39m onBeforeTerminateApp
13:07:33.024 detox[93271] [90mi[39m "/Users/anirudhmangalvedhekar/Library/Android/sdk/platform-tools/adb" -s emulator-19932 shell "am force-stop com.awsamplifycognito"
13:07:33.340 detox[93271] [90mi[39m 
13:07:33.340 detox[93271] [90mB[39m onTerminateApp
  args: ({"deviceId":"emulator-19932","bundleId":"com.awsamplifycognito"})
13:07:33.341 detox[93271] [90mE[39m onTerminateApp
13:07:33.342 detox[93271] [90mE[39m terminateApp
13:07:33.342 detox[93271] [90mE[39m selectApp
13:07:33.342 detox[93271] [90mB[39m installApp
  args: ()
13:07:33.343 detox[93271] [90mi[39m "/Users/anirudhmangalvedhekar/Library/Android/sdk/build-tools/36.0.0/aapt" dump xmlstrings "/Users/anirudhmangalvedhekar/Projects/notes/apps/aws-amplify-cognito/android/app/build/outputs/apk/debug/app-debug.apk" AndroidManifest.xml
13:07:33.374 detox[93271] [90mi[39m String pool of 69 unique UTF-16 non-sorted strings, 69 entries and 0 styles using 3436 bytes:
String #0: theme
String #1: label
String #2: icon
String #3: name
String #4: permission
String #5: protectionLevel
String #6: enabled
String #7: debuggable
String #8: exported
String #9: authorities
String #10: launchMode
String #11: configChanges
String #12: value
String #13: minSdkVersion
String #14: versionCode
String #15: versionName
String #16: windowSoftInputMode
String #17: targetSdkVersion
String #18: allowBackup
String #19: supportsRtl
String #20: extractNativeLibs
String #21: usesCleartextTraffic
String #22: directBootAware
String #23: roundIcon
String #24: compileSdkVersion
String #25: compileSdkVersionCodename
String #26: appComponentFactory
String #27: 1.0
String #28: 15
String #29: action
String #30: activity
String #31: android
String #32: android.intent.action.MAIN
String #33: android.intent.category.LAUNCHER
String #34: android.permission.DUMP
String #35: android.permission.INTERNET
String #36: android.permission.SYSTEM_ALERT_WINDOW
String #37: androidx.core.app.CoreComponentFactory
String #38: androidx.emoji2.text.EmojiCompatInitializer
String #39: androidx.lifecycle.ProcessLifecycleInitializer
String #40: androidx.profileinstaller.ProfileInstallReceiver
String #41: androidx.profileinstaller.ProfileInstallerInitializer
String #42: androidx.profileinstaller.action.BENCHMARK_OPERATION
String #43: androidx.profileinstaller.action.INSTALL_PROFILE
String #44: androidx.profileinstaller.action.SAVE_PROFILE
String #45: androidx.profileinstaller.action.SKIP_FILE
String #46: androidx.startup
String #47: androidx.startup.InitializationProvider
String #48: application
String #49: category
String #50: com.awsamplifycognito
String #51: com.awsamplifycognito.DYNAMIC_RECEIVER_NOT_EXPORTED_PERMISSION
String #52: com.awsamplifycognito.MainActivity
String #53: com.awsamplifycognito.MainApplication
String #54: com.awsamplifycognito.androidx-startup
String #55: com.facebook.react.devsupport.DevSettingsActivity
String #56: com.facebook.soloader.enabled
String #57: http://schemas.android.com/apk/res/android
String #58: intent-filter
String #59: manifest
String #60: meta-data
String #61: package
String #62: permission
String #63: platformBuildVersionCode
String #64: platformBuildVersionName
String #65: provider
String #66: receiver
String #67: uses-permission
String #68: uses-sdk

13:07:33.374 detox[93271] [90mi[39m "/Users/anirudhmangalvedhekar/Library/Android/sdk/build-tools/36.0.0/aapt" dump xmlstrings "/Users/anirudhmangalvedhekar/Projects/notes/apps/aws-amplify-cognito/android/app/build/outputs/apk/androidTest/debug/app-debug-androidTest.apk" AndroidManifest.xml
13:07:33.395 detox[93271] [90mi[39m String pool of 43 unique UTF-16 non-sorted strings, 43 entries and 0 styles using 2152 bytes:
String #0: theme
String #1: label
String #2: name
String #3: debuggable
String #4: exported
String #5: priority
String #6: targetPackage
String #7: handleProfiling
String #8: functionalTest
String #9: minSdkVersion
String #10: targetSdkVersion
String #11: extractNativeLibs
String #12: compileSdkVersion
String #13: compileSdkVersionCodename
String #14: 15
String #15: Tests for com.awsamplifycognito
String #16: activity
String #17: android
String #18: android.intent.category.LAUNCHER
String #19: android.permission.REORDER_TASKS
String #20: android.test.runner
String #21: androidx.test.core.app.InstrumentationActivityInvoker$BootstrapActivity
String #22: androidx.test.core.app.InstrumentationActivityInvoker$EmptyActivity
String #23: androidx.test.core.app.InstrumentationActivityInvoker$EmptyFloatingActivity
String #24: androidx.test.orchestrator
String #25: androidx.test.runner.AndroidJUnitRunner
String #26: androidx.test.services
String #27: application
String #28: category
String #29: com.awsamplifycognito
String #30: com.awsamplifycognito.test
String #31: com.google.android.apps.common.testing.services
String #32: http://schemas.android.com/apk/res/android
String #33: instrumentation
String #34: intent-filter
String #35: manifest
String #36: package
String #37: platformBuildVersionCode
String #38: platformBuildVersionName
String #39: queries
String #40: uses-library
String #41: uses-permission
String #42: uses-sdk

13:07:33.396 detox[93271] [90mi[39m "/Users/anirudhmangalvedhekar/Library/Android/sdk/platform-tools/adb" -s emulator-19932 shell "rm -fr /data/local/tmp/detox"
13:07:33.657 detox[93271] [90mi[39m 
13:07:33.658 detox[93271] [90mi[39m "/Users/anirudhmangalvedhekar/Library/Android/sdk/platform-tools/adb" -s emulator-19932 shell "mkdir -p /data/local/tmp/detox"
13:07:33.861 detox[93271] [90mi[39m 
13:07:33.861 detox[93271] [90mi[39m "/Users/anirudhmangalvedhekar/Library/Android/sdk/platform-tools/adb" -s emulator-19932 push "/Users/anirudhmangalvedhekar/Projects/notes/apps/aws-amplify-cognito/android/app/build/outputs/apk/debug/app-debug.apk" "/data/local/tmp/detox/Application.apk"
13:07:36.648 detox[93271] [90mi[39m /Users/anirudhmangalvedhekar/Projects/notes/apps/aws-amplify-cognito/android/app/build/outputs/apk/debug/app-debug.apk: 1 file pushed, 0 skipped. 135.8 MB/s (124485269 bytes in 0.874s)

13:07:36.649 detox[93271] [90mi[39m "/Users/anirudhmangalvedhekar/Library/Android/sdk/platform-tools/adb" -s emulator-19932 shell "getprop ro.build.version.sdk"
13:07:36.769 detox[93271] [90mi[39m 34

13:07:36.771 detox[93271] [90mi[39m /Users/anirudhmangalvedhekar/Library/Android/sdk/platform-tools/adb -s emulator-19932 shell pm install -r -g -t /data/local/tmp/detox/Application.apk
13:07:44.173 detox[93271] [90mi[39m Success

13:07:44.183 detox[93271] [90mi[39m /Users/anirudhmangalvedhekar/Library/Android/sdk/platform-tools/adb -s emulator-19932 shell pm install -r -g -t /data/local/tmp/detox/Application.apk exited with code #0
13:07:44.183 detox[93271] [90mi[39m "/Users/anirudhmangalvedhekar/Library/Android/sdk/platform-tools/adb" -s emulator-19932 push "/Users/anirudhmangalvedhekar/Projects/notes/apps/aws-amplify-cognito/android/app/build/outputs/apk/androidTest/debug/app-debug-androidTest.apk" "/data/local/tmp/detox/Test.apk"
13:07:44.513 detox[93271] [90mi[39m /Users/anirudhmangalvedhekar/Projects/notes/apps/aws-amplify-cognito/android/app/build/outputs/apk/androidTest/debug/app-debug-androidTest.apk: 1 file pushed, 0 skipped. 32.6 MB/s (6220489 bytes in 0.182s)

13:07:44.515 detox[93271] [90mi[39m /Users/anirudhmangalvedhekar/Library/Android/sdk/platform-tools/adb -s emulator-19932 shell pm install -r -g -t /data/local/tmp/detox/Test.apk
13:07:46.211 detox[93271] [90mi[39m Success

13:07:46.215 detox[93271] [90mi[39m /Users/anirudhmangalvedhekar/Library/Android/sdk/platform-tools/adb -s emulator-19932 shell pm install -r -g -t /data/local/tmp/detox/Test.apk exited with code #0
13:07:46.215 detox[93271] [90mB[39m reverseTcpPort
  args: (8081)
13:07:46.216 detox[93271] [90mi[39m "/Users/anirudhmangalvedhekar/Library/Android/sdk/platform-tools/adb" -s emulator-19932 reverse tcp:8081 tcp:8081
13:07:46.243 detox[93271] [90mi[39m 
13:07:46.243 detox[93271] [90mE[39m reverseTcpPort
13:07:46.243 detox[93271] [90mE[39m installApp
13:07:46.243 detox[93271] [90mB[39m selectApp
  args: ("default")
13:07:46.243 detox[93271] [90mB[39m terminateApp
  args: ()
13:07:46.243 detox[93271] [90mB[39m onBeforeTerminateApp
  args: ({"deviceId":"emulator-19932","bundleId":"com.awsamplifycognito"})
13:07:46.243 detox[93271] [90mE[39m onBeforeTerminateApp
13:07:46.243 detox[93271] [90mi[39m "/Users/anirudhmangalvedhekar/Library/Android/sdk/platform-tools/adb" -s emulator-19932 shell "am force-stop com.awsamplifycognito"
13:07:46.441 detox[93271] [90mi[39m 
13:07:46.441 detox[93271] [90mB[39m onTerminateApp
  args: ({"deviceId":"emulator-19932","bundleId":"com.awsamplifycognito"})
13:07:46.441 detox[93271] [90mE[39m onTerminateApp
13:07:46.441 detox[93271] [90mE[39m terminateApp
13:07:46.441 detox[93271] [90mE[39m selectApp
13:07:46.441 detox[93271] [90mE[39m set up environment
13:07:46.532 detox[93271] [90mi[39m app.spec.ts is assigned to emulator-19932 (Pixel_3a_API_34_extension_level_7_arm64-v8a)
13:07:46.533 detox[93271] [90mB[39m run the tests
13:07:46.533 detox[93271] [90mB[39m onRunDescribeStart
  args: ({"name":"ROOT_DESCRIBE_BLOCK"})
13:07:46.533 detox[93271] [90mE[39m onRunDescribeStart
13:07:46.533 detox[93271] [90mB[39m beforeAll
13:07:46.536 detox[93271] [90mB[39m launchApp
  args: ()
13:07:46.536 detox[93271] [90mB[39m terminateApp
  args: ("com.awsamplifycognito")
13:07:46.536 detox[93271] [90mB[39m onBeforeTerminateApp
  args: ({"deviceId":"emulator-19932","bundleId":"com.awsamplifycognito"})
13:07:46.536 detox[93271] [90mE[39m onBeforeTerminateApp
13:07:46.537 detox[93271] [90mi[39m "/Users/anirudhmangalvedhekar/Library/Android/sdk/platform-tools/adb" -s emulator-19932 shell "am force-stop com.awsamplifycognito"
13:07:46.692 detox[93271] [90mi[39m 
13:07:46.692 detox[93271] [90mB[39m onTerminateApp
  args: ({"deviceId":"emulator-19932","bundleId":"com.awsamplifycognito"})
13:07:46.692 detox[93271] [90mE[39m onTerminateApp
13:07:46.692 detox[93271] [90mE[39m terminateApp
13:07:46.692 detox[93271] [90mB[39m onBeforeLaunchApp
  args: ({"deviceId":"emulator-19932","bundleId":"com.awsamplifycognito","launchArgs":{"detoxServer":"ws://localhost:52322","detoxSessionId":"a5fd5dfd-3c6c-cbf7-dd34-0d82597f9b9c","detoxEnableSynchronization":0}})
13:07:46.692 detox[93271] [90mi[39m "/Users/anirudhmangalvedhekar/Library/Android/sdk/platform-tools/adb" -s emulator-19932 shell "date +\"%m-%d %T.000\""
13:07:46.793 detox[93271] [90mi[39m 05-10 13:07:43.000

13:07:46.794 detox[93271] [90mE[39m onBeforeLaunchApp
13:07:46.794 detox[93271] [90mi[39m "/Users/anirudhmangalvedhekar/Library/Android/sdk/platform-tools/adb" -s emulator-19932 reverse tcp:52322 tcp:52322
13:07:46.817 detox[93271] [90mi[39m 52322

13:07:46.817 detox[93271] [90mi[39m "/Users/anirudhmangalvedhekar/Library/Android/sdk/platform-tools/adb" -s emulator-19932 shell "pm list instrumentation"
13:07:46.965 detox[93271] [90mi[39m instrumentation:com.awsamplifycognito.test/androidx.test.runner.AndroidJUnitRunner (target=com.awsamplifycognito)

13:07:46.967 detox[93271] [90mi[39m /Users/anirudhmangalvedhekar/Library/Android/sdk/platform-tools/adb -s emulator-19932 shell am instrument -w -r -e detoxServer ws://localhost:52322 -e detoxSessionId a5fd5dfd-3c6c-cbf7-dd34-0d82597f9b9c -e detoxEnableSynchronization 0 -e debug false com.awsamplifycognito.test/androidx.test.runner.AndroidJUnitRunner
13:07:47.468 detox[93271] [90mi[39m "/Users/anirudhmangalvedhekar/Library/Android/sdk/platform-tools/adb" -s emulator-19932 shell "ps | grep \"com\.awsamplifycognito$\""
13:07:49.276 detox[93271] [90mi[39m ""/Users/anirudhmangalvedhekar/Library/Android/sdk/platform-tools/adb" -s emulator-19932 shell "ps | grep \"com\.awsamplifycognito$\""" failed with error = Error: Command failed: "/Users/anirudhmangalvedhekar/Library/Android/sdk/platform-tools/adb" -s emulator-19932 shell "ps | grep \"com\.awsamplifycognito$\""
 (code=1), stdout and stderr:

13:07:49.277 detox[93271] [90mi[39m 
13:07:49.277 detox[93271] [90mi[39m 
13:07:49.778 detox[93271] [90mi[39m "/Users/anirudhmangalvedhekar/Library/Android/sdk/platform-tools/adb" -s emulator-19932 shell "ps | grep \"com\.awsamplifycognito$\""
13:07:50.057 detox[93271] [90mi[39m u0_a215       7284   314   15481088  92392 0                   0 R com.awsamplifycognito

13:07:50.057 detox[93271] [90mB[39m onLaunchApp
  args: ({"deviceId":"emulator-19932","bundleId":"com.awsamplifycognito","launchArgs":{"detoxServer":"ws://localhost:52322","detoxSessionId":"a5fd5dfd-3c6c-cbf7-dd34-0d82597f9b9c","detoxEnableSynchronization":0},"pid":7284})
13:07:50.058 detox[93271] [90mi[39m starting ADBLogcatRecording
13:07:50.059 detox[93271] [90mi[39m /Users/anirudhmangalvedhekar/Library/Android/sdk/platform-tools/adb -s emulator-19932 shell "logcat -T \"05-10 13:07:43.000\" --pid=7284 -f /sdcard/13727311_0.log"
13:07:50.059 detox[93271] [90mE[39m onLaunchApp
13:07:50.360 detox[93271] [90mi[39m "/Users/anirudhmangalvedhekar/Library/Android/sdk/platform-tools/adb" -s emulator-19932 shell du /sdcard/13727311_0.log
13:07:50.981 detox[93271] [90mi[39m 4	/sdcard/13727311_0.log

13:08:00.455 detox[93271] [90mi[39m INSTRUMENTATION_STATUS: class=com.awsamplifycognito.DetoxTest
INSTRUMENTATION_STATUS: current=1
INSTRUMENTATION_STATUS: id=AndroidJUnitRunner
INSTRUMENTATION_STATUS: numtests=1
INSTRUMENTATION_STATUS: stream=
com.awsamplifycognito.DetoxTest:
INSTRUMENTATION_STATUS: test=runDetoxTests
INSTRUMENTATION_STATUS_CODE: 1

13:08:00.756 detox[93269] [90mB[39m connection :52322<->:52501
13:08:00.772 detox[93269] [90mi[39m get
  data: {"messageId":0,"type":"login","params":{"role":"app","sessionId":"a5fd5dfd-3c6c-cbf7-dd34-0d82597f9b9c"}}
13:08:00.772 detox[93269] [90mi[39m send
  data: {
    "messageId": 0,
    "type": "loginSuccess",
    "params": {
      "testerConnected": true,
      "appConnected": true
    }
  }
13:08:00.772 detox[93269] [90mi[39m app joined session a5fd5dfd-3c6c-cbf7-dd34-0d82597f9b9c
13:08:00.772 detox[93269] [90mi[39m send
  data: {
    "type": "appConnected"
  }
13:08:00.773 detox[93271] [90mi[39m get message
  data: {"type":"appConnected"}
   
13:08:00.776 detox[93271] [90mi[39m send message
  data: {"type":"isReady","params":{},"messageId":-1000}
13:08:00.778 detox[93269] [90mi[39m get
  data: {"type":"isReady","params":{},"messageId":-1000}
13:08:00.779 detox[93269] [90mi[39m send
  data: {
    "type": "isReady",
    "params": {},
    "messageId": -1000
  }
13:08:05.395 detox[93269] [90mi[39m get
  data: {"messageId":-1000,"type":"ready","params":{}}
13:08:05.395 detox[93269] [90mi[39m send
  data: {
    "messageId": -1000,
    "type": "ready",
    "params": {}
  }
13:08:05.397 detox[93271] [90mi[39m get message
  data: {"messageId":-1000,"type":"ready","params":{}}
   
13:08:05.399 detox[93271] [90mB[39m onAppReady
  args: ({"deviceId":"emulator-19932","bundleId":"com.awsamplifycognito","pid":7284})
13:08:05.399 detox[93271] [90mE[39m onAppReady
13:08:05.399 detox[93271] [90mE[39m launchApp
13:08:05.400 detox[93271] [90mE[39m beforeAll
13:08:05.401 detox[93271] [90mB[39m AwsAmplifyCognito
13:08:05.401 detox[93271] [90mB[39m onRunDescribeStart
  args: ({"name":"AwsAmplifyCognito"})
13:08:05.401 detox[93271] [90mE[39m onRunDescribeStart
13:08:05.402 detox[93271] [90mB[39m should render the registration screen
13:08:05.402 detox[93271] [90mi[39m AwsAmplifyCognito: should render the registration screen
13:08:05.405 detox[93271] [90mB[39m onTestStart
  args: ({"title":"should render the registration screen","fullName":"AwsAmplifyCognito should render the registration screen","status":"running","invocations":1})
13:08:05.405 detox[93271] [90mi[39m stopping ADBLogcatRecording
13:08:05.405 detox[93271] [90mi[39m starting ADBScreencapRecording
13:08:05.405 detox[93271] [90mi[39m "/Users/anirudhmangalvedhekar/Library/Android/sdk/platform-tools/adb" -s emulator-19932 shell "screencap /sdcard/13727311_1.png"
13:08:05.407 detox[93271] [90mi[39m "/Users/anirudhmangalvedhekar/Library/Android/sdk/platform-tools/adb" -s emulator-19932 shell "date +\"%m-%d %T.000\""
13:08:05.631 detox[93271] [90mi[39m 05-10 13:08:02.000

13:08:05.633 detox[93271] [90mi[39m sending SIGINT to: /Users/anirudhmangalvedhekar/Library/Android/sdk/platform-tools/adb -s emulator-19932 shell logcat -T "05-10 13:07:43.000" --pid=7284 -f /sdcard/13727311_0.log
13:08:05.634 detox[93271] [90mi[39m /Users/anirudhmangalvedhekar/Library/Android/sdk/platform-tools/adb -s emulator-19932 shell "logcat -T \"05-10 13:07:43.000\" --pid=7284 -f /sdcard/13727311_0.log" terminated with SIGINT
13:08:05.635 detox[93271] [90mi[39m starting ADBLogcatRecording
13:08:05.636 detox[93271] [90mi[39m /Users/anirudhmangalvedhekar/Library/Android/sdk/platform-tools/adb -s emulator-19932 shell "logcat -T \"05-10 13:08:02.000\" --pid=7284 -f /sdcard/13727311_2.log"
13:08:05.936 detox[93271] [90mi[39m "/Users/anirudhmangalvedhekar/Library/Android/sdk/platform-tools/adb" -s emulator-19932 shell du /sdcard/13727311_2.log
13:08:06.126 detox[93271] [90mi[39m 4	/sdcard/13727311_2.log

13:08:07.536 detox[93271] [90mi[39m 
13:08:07.536 detox[93271] [90mi[39m stopping ADBScreencapRecording
13:08:07.536 detox[93271] [90mE[39m onTestStart
13:08:07.536 detox[93271] [90mB[39m beforeEach
13:08:07.537 detox[93271] [90mE[39m beforeEach
13:08:07.537 detox[93271] [90mB[39m beforeEach
13:08:07.538 detox[93271] [90mB[39m reloadReactNative
  args: ()
13:08:07.538 detox[93271] [90mi[39m send message
  data: {"type":"reactNativeReload","params":{},"messageId":-1000}
13:08:07.539 detox[93269] [90mi[39m get
  data: {"type":"reactNativeReload","params":{},"messageId":-1000}
13:08:07.539 detox[93269] [90mi[39m send
  data: {
    "type": "reactNativeReload",
    "params": {},
    "messageId": -1000
  }
13:08:13.205 detox[93269] [90mi[39m get
  data: {"messageId":-1000,"type":"ready","params":{}}
13:08:13.205 detox[93269] [90mi[39m send
  data: {
    "messageId": -1000,
    "type": "ready",
    "params": {}
  }
13:08:13.205 detox[93271] [90mi[39m get message
  data: {"messageId":-1000,"type":"ready","params":{}}
   
13:08:13.206 detox[93271] [90mE[39m reloadReactNative
13:08:13.206 detox[93271] [90mE[39m beforeEach
13:08:13.207 detox[93271] [90mB[39m test_fn
13:08:13.213 detox[93271] [90mi[39m send message
  data: {"type":"invoke","params":{"target":{"type":"Class","value":"com.wix.detox.espresso.DetoxAssertion"},"method":"assertMatcher","args":[{"type":"Invocation","value":{"target":{"type":"Class","value":"androidx.test.espresso.Espresso"},"method":"onView","args":[{"type":"Invocation","value":{"target":{"type":"Class","value":"com.wix.detox.espresso.DetoxMatcher"},"method":"matcherForTestId","args":["registration-screen",{"type":"boolean","value":false}]}}]}},{"type":"Invocation","value":{"target":{"type":"Class","value":"com.wix.detox.espresso.DetoxMatcher"},"method":"matcherForSufficientlyVisible","args":[{"type":"Integer","value":75}]}}]},"messageId":1}
13:08:13.215 detox[93269] [90mi[39m get
  data: {"type":"invoke","params":{"target":{"type":"Class","value":"com.wix.detox.espresso.DetoxAssertion"},"method":"assertMatcher","args":[{"type":"Invocation","value":{"target":{"type":"Class","value":"androidx.test.espresso.Espresso"},"method":"onView","args":[{"type":"Invocation","value":{"target":{"type":"Class","value":"com.wix.detox.espresso.DetoxMatcher"},"method":"matcherForTestId","args":["registration-screen",{"type":"boolean","value":false}]}}]}},{"type":"Invocation","value":{"target":{"type":"Class","value":"com.wix.detox.espresso.DetoxMatcher"},"method":"matcherForSufficientlyVisible","args":[{"type":"Integer","value":75}]}}]},"messageId":1}
13:08:13.215 detox[93269] [90mi[39m send
  data: {
    "type": "invoke",
    "params": {
      "target": {
        "type": "Class",
        "value": "com.wix.detox.espresso.DetoxAssertion"
      },
      "method": "assertMatcher",
      "args": [
        {
          "type": "Invocation",
          "value": {
            "target": {
              "type": "Class",
              "value": "androidx.test.espresso.Espresso"
            },
            "method": "onView",
            "args": [
              {
                "type": "Invocation",
                "value": {
                  "target": {
                    "type": "Class",
                    "value": "com.wix.detox.espresso.DetoxMatcher"
                  },
                  "method": "matcherForTestId",
                  "args": [
                    "registration-screen",
                    {
                      "type": "boolean",
                      "value": false
                    }
                  ]
                }
              }
            ]
          }
        },
        {
          "type": "Invocation",
          "value": {
            "target": {
              "type": "Class",
              "value": "com.wix.detox.espresso.DetoxMatcher"
            },
            "method": "matcherForSufficientlyVisible",
            "args": [
              {
                "type": "Integer",
                "value": 75
              }
            ]
          }
        }
      ]
    },
    "messageId": 1
  }
13:08:13.215 detox[93271] [90mB[39m expect element to be visible
  data: {
    "target": {
      "type": "Class",
      "value": "com.wix.detox.espresso.DetoxAssertion"
    },
    "method": "assertMatcher",
    "args": [
      {
        "type": "Invocation",
        "value": {
          "target": {
            "type": "Class",
            "value": "androidx.test.espresso.Espresso"
          },
          "method": "onView",
          "args": [
            {
              "type": "Invocation",
              "value": {
                "target": {
                  "type": "Class",
                  "value": "com.wix.detox.espresso.DetoxMatcher"
                },
                "method": "matcherForTestId",
                "args": [
                  "registration-screen",
                  {
                    "type": "boolean",
                    "value": false
                  }
                ]
              }
            }
          ]
        }
      },
      {
        "type": "Invocation",
        "value": {
          "target": {
            "type": "Class",
            "value": "com.wix.detox.espresso.DetoxMatcher"
          },
          "method": "matcherForSufficientlyVisible",
          "args": [
            {
              "type": "Integer",
              "value": 75
            }
          ]
        }
      }
    ]
  }
13:08:13.411 detox[93269] [90mi[39m get
  data: {"messageId":1,"type":"testFailed","params":{"details":"'(view has effective visibility <VISIBLE> and view.getGlobalVisibleRect() covers at least <75> percent of the view's area)' doesn't match the selected view.\nExpected: (view has effective visibility <VISIBLE> and view.getGlobalVisibleRect() covers at least <75> percent of the view's area)\n     Got: was null\n\n","viewHierarchy":null}}
13:08:13.411 detox[93269] [90mi[39m send
  data: {
    "messageId": 1,
    "type": "testFailed",
    "params": {
      "details": "'(view has effective visibility <VISIBLE> and view.getGlobalVisibleRect() covers at least <75> percent of the view's area)' doesn't match the selected view.\nExpected: (view has effective visibility <VISIBLE> and view.getGlobalVisibleRect() covers at least <75> percent of the view's area)\n     Got: was null\n\n",
      "viewHierarchy": null
    }
  }
13:08:13.412 detox[93271] [90mi[39m get message
  data: {"messageId":1,"type":"testFailed","params":{"details":"'(view has effective visibility <VISIBLE> and view.getGlobalVisibleRect() covers at least <75> percent of the view's area)' doesn't match the selected view.\nExpected: (view has effective visibility <VISIBLE> and view.getGlobalVisibleRect() covers at least <75> percent of the view's area)\n     Got: was null\n\n","viewHierarchy":null}}
   
13:08:13.414 detox[93271] [90mE[39m expect element to be visible
  error: Test Failed: '(view has effective visibility <VISIBLE> and view.getGlobalVisibleRect() covers at least <75> percent of the view's area)' doesn't match the selected view.
  Expected: (view has effective visibility <VISIBLE> and view.getGlobalVisibleRect() covers at least <75> percent of the view's area)
       Got: was null
  
  
13:08:13.415 detox[93271] [90mB[39m onTestFnFailure
  args: ({"error":{"name":"DetoxRuntimeError"}})
13:08:13.415 detox[93271] [90mi[39m starting ADBScreencapRecording
13:08:13.415 detox[93271] [90mi[39m "/Users/anirudhmangalvedhekar/Library/Android/sdk/platform-tools/adb" -s emulator-19932 shell "screencap /sdcard/13727311_3.png"
13:08:15.755 detox[93271] [90mi[39m 
13:08:15.755 detox[93271] [90mi[39m stopping ADBScreencapRecording
13:08:15.755 detox[93271] [90mE[39m onTestFnFailure
13:08:15.756 detox[93271] [90mE[39m test_fn
  error: Test Failed: '(view has effective visibility <VISIBLE> and view.getGlobalVisibleRect() covers at least <75> percent of the view's area)' doesn't match the selected view.
  Expected: (view has effective visibility <VISIBLE> and view.getGlobalVisibleRect() covers at least <75> percent of the view's area)
       Got: was null
  
  
13:08:15.758 detox[93271] [90mB[39m onTestDone
  args: ({"title":"should render the registration screen","fullName":"AwsAmplifyCognito should render the registration screen","status":"failed","invocations":1,"timedOut":false})
13:08:15.758 detox[93271] [90mi[39m stopping ADBLogcatRecording
13:08:15.758 detox[93271] [90mi[39m starting ADBScreencapRecording
13:08:15.758 detox[93271] [90mi[39m "/Users/anirudhmangalvedhekar/Library/Android/sdk/platform-tools/adb" -s emulator-19932 shell "screencap /sdcard/13727311_4.png"
13:08:15.760 detox[93271] [90mi[39m "/Users/anirudhmangalvedhekar/Library/Android/sdk/platform-tools/adb" -s emulator-19932 shell "date +\"%m-%d %T.000\""
13:08:15.953 detox[93271] [90mi[39m 05-10 13:08:12.000

13:08:15.955 detox[93271] [90mi[39m sending SIGINT to: /Users/anirudhmangalvedhekar/Library/Android/sdk/platform-tools/adb -s emulator-19932 shell logcat -T "05-10 13:08:02.000" --pid=7284 -f /sdcard/13727311_2.log
13:08:15.957 detox[93271] [90mi[39m /Users/anirudhmangalvedhekar/Library/Android/sdk/platform-tools/adb -s emulator-19932 shell "logcat -T \"05-10 13:08:02.000\" --pid=7284 -f /sdcard/13727311_2.log" terminated with SIGINT
13:08:15.961 detox[93271] [90mi[39m saving ADBLogcatRecording to: apps/aws-amplify-cognito-e2e/artifacts/android.emu.debug.2026-05-10 17-07-26Z/✗ AwsAmplifyCognito should render the registration screen/device.log
13:08:15.961 detox[93271] [90mi[39m "/Users/anirudhmangalvedhekar/Library/Android/sdk/platform-tools/adb" -s emulator-19932 pull "/sdcard/13727311_2.log" "apps/aws-amplify-cognito-e2e/artifacts/android.emu.debug.2026-05-10 17-07-26Z/✗ AwsAmplifyCognito should render the registration screen/device.log"
13:08:16.002 detox[93271] [90mi[39m /sdcard/13727311_2.log: 1 file pulled, 0 skipped. 5.7 MB/s (28672 bytes in 0.005s)

13:08:16.002 detox[93271] [90mi[39m "/Users/anirudhmangalvedhekar/Library/Android/sdk/platform-tools/adb" -s emulator-19932 shell "rm  \"/sdcard/13727311_2.log\""
13:08:16.268 detox[93271] [90mi[39m 
13:08:16.269 detox[93271] [90mi[39m saving ADBLogcatRecording to: apps/aws-amplify-cognito-e2e/artifacts/android.emu.debug.2026-05-10 17-07-26Z/emulator-19932 2026-05-10 17-08-16Z.startup.log
13:08:16.269 detox[93271] [90mi[39m "/Users/anirudhmangalvedhekar/Library/Android/sdk/platform-tools/adb" -s emulator-19932 pull "/sdcard/13727311_0.log" "apps/aws-amplify-cognito-e2e/artifacts/android.emu.debug.2026-05-10 17-07-26Z/emulator-19932 2026-05-10 17-08-16Z.startup.log"
13:08:16.307 detox[93271] [90mi[39m /sdcard/13727311_0.log: 1 file pulled, 0 skipped. 8.1 MB/s (32768 bytes in 0.004s)

13:08:16.307 detox[93271] [90mi[39m "/Users/anirudhmangalvedhekar/Library/Android/sdk/platform-tools/adb" -s emulator-19932 shell "rm  \"/sdcard/13727311_0.log\""
13:08:16.578 detox[93271] [90mi[39m 
13:08:17.354 detox[93271] [90mi[39m 
13:08:17.354 detox[93271] [90mi[39m stopping ADBScreencapRecording
13:08:17.354 detox[93271] [90mE[39m onTestDone
13:08:17.355 detox[93271] [90mE[39m should render the registration screen
13:08:17.356 detox[93271] [90mi[39m AwsAmplifyCognito: should render the registration screen [FAIL]
13:08:17.360 detox[93271] [90mB[39m onRunDescribeFinish
  args: ({"name":"AwsAmplifyCognito"})
13:08:17.360 detox[93271] [90mE[39m onRunDescribeFinish
13:08:17.360 detox[93271] [90mE[39m AwsAmplifyCognito
13:08:17.361 detox[93271] [90mB[39m onRunDescribeFinish
  args: ({"name":"ROOT_DESCRIBE_BLOCK"})
13:08:17.361 detox[93271] [90mE[39m onRunDescribeFinish
13:08:17.361 detox[93271] [90mE[39m run the tests
13:08:17.391 detox[93271] [90mB[39m tear down environment
13:08:17.391 detox[93271] [90mB[39m onBeforeCleanup
  args: ()
13:08:17.392 detox[93271] [90mi[39m saving ADBScreencapRecording to: apps/aws-amplify-cognito-e2e/artifacts/android.emu.debug.2026-05-10 17-07-26Z/✗ AwsAmplifyCognito should render the registration screen/testStart.png
13:08:17.392 detox[93271] [90mi[39m "/Users/anirudhmangalvedhekar/Library/Android/sdk/platform-tools/adb" -s emulator-19932 pull "/sdcard/13727311_1.png" "apps/aws-amplify-cognito-e2e/artifacts/android.emu.debug.2026-05-10 17-07-26Z/✗ AwsAmplifyCognito should render the registration screen/testStart.png"
13:08:17.434 detox[93271] [90mi[39m /sdcard/13727311_1.png: 1 file pulled, 0 skipped. 3.1 MB/s (23157 bytes in 0.007s)

13:08:17.435 detox[93271] [90mi[39m "/Users/anirudhmangalvedhekar/Library/Android/sdk/platform-tools/adb" -s emulator-19932 shell "rm  \"/sdcard/13727311_1.png\""
13:08:17.605 detox[93271] [90mi[39m 
13:08:17.605 detox[93271] [90mi[39m saving ADBScreencapRecording to: apps/aws-amplify-cognito-e2e/artifacts/android.emu.debug.2026-05-10 17-07-26Z/✗ AwsAmplifyCognito should render the registration screen/testFnFailure.png
13:08:17.605 detox[93271] [90mi[39m "/Users/anirudhmangalvedhekar/Library/Android/sdk/platform-tools/adb" -s emulator-19932 pull "/sdcard/13727311_3.png" "apps/aws-amplify-cognito-e2e/artifacts/android.emu.debug.2026-05-10 17-07-26Z/✗ AwsAmplifyCognito should render the registration screen/testFnFailure.png"
13:08:17.647 detox[93271] [90mi[39m /sdcard/13727311_3.png: 1 file pulled, 0 skipped. 3.7 MB/s (23157 bytes in 0.006s)

13:08:17.647 detox[93271] [90mi[39m "/Users/anirudhmangalvedhekar/Library/Android/sdk/platform-tools/adb" -s emulator-19932 shell "rm  \"/sdcard/13727311_3.png\""
13:08:17.763 detox[93271] [90mi[39m 
13:08:17.763 detox[93271] [90mi[39m saving ADBScreencapRecording to: apps/aws-amplify-cognito-e2e/artifacts/android.emu.debug.2026-05-10 17-07-26Z/✗ AwsAmplifyCognito should render the registration screen/testDone.png
13:08:17.763 detox[93271] [90mi[39m "/Users/anirudhmangalvedhekar/Library/Android/sdk/platform-tools/adb" -s emulator-19932 pull "/sdcard/13727311_4.png" "apps/aws-amplify-cognito-e2e/artifacts/android.emu.debug.2026-05-10 17-07-26Z/✗ AwsAmplifyCognito should render the registration screen/testDone.png"
13:08:17.808 detox[93271] [90mi[39m /sdcard/13727311_4.png: 1 file pulled, 0 skipped. 2.9 MB/s (23157 bytes in 0.008s)

13:08:17.808 detox[93271] [90mi[39m "/Users/anirudhmangalvedhekar/Library/Android/sdk/platform-tools/adb" -s emulator-19932 shell "rm  \"/sdcard/13727311_4.png\""
13:08:18.024 detox[93271] [90mi[39m 
13:08:18.026 detox[93271] [90mi[39m saving FileArtifact to: apps/aws-amplify-cognito-e2e/artifacts/android.emu.debug.2026-05-10 17-07-26Z/detox_pid_93271.json.log { append: true }
13:08:18.026 detox[93271] [90mi[39m saving FileArtifact to: apps/aws-amplify-cognito-e2e/artifacts/android.emu.debug.2026-05-10 17-07-26Z/detox_pid_93271.log { append: true }
13:08:18.026 detox[93271] [90mE[39m onBeforeCleanup
13:08:18.031 detox[93271] [90mi[39m send message
  data: {"type":"cleanup","params":{"stopRunner":false},"messageId":-49642}
13:08:18.033 detox[93269] [90mi[39m get
  data: {"type":"cleanup","params":{"stopRunner":false},"messageId":-49642}
13:08:18.034 detox[93269] [90mi[39m send
  data: {
    "type": "cleanup",
    "params": {
      "stopRunner": false
    },
    "messageId": -49642
  }
13:08:18.055 detox[93269] [90mi[39m get
  data: {"messageId":-49642,"type":"cleanupDone","params":{}}
13:08:18.056 detox[93269] [90mi[39m send
  data: {
    "messageId": -49642,
    "type": "cleanupDone",
    "params": {}
  }
13:08:18.056 detox[93271] [90mi[39m get message
  data: {"messageId":-49642,"type":"cleanupDone","params":{}}
   
13:08:18.061 detox[93269] [90mi[39m tester exited session a5fd5dfd-3c6c-cbf7-dd34-0d82597f9b9c
13:08:18.061 detox[93269] [90mi[39m send
  data: {
    "type": "testerDisconnected",
    "messageId": -1
  }
13:08:18.061 detox[93269] [90mE[39m connection :52322<->:52326
13:08:18.062 detox[93271] [90mi[39m sending SIGINT to: /Users/anirudhmangalvedhekar/Library/Android/sdk/platform-tools/adb -s emulator-19932 shell am instrument -w -r -e detoxServer ws://localhost:52322 -e detoxSessionId a5fd5dfd-3c6c-cbf7-dd34-0d82597f9b9c -e detoxEnableSynchronization 0 -e debug false com.awsamplifycognito.test/androidx.test.runner.AndroidJUnitRunner
13:08:18.064 detox[93271] [90mi[39m /Users/anirudhmangalvedhekar/Library/Android/sdk/platform-tools/adb -s emulator-19932 shell am instrument -w -r -e detoxServer ws://localhost:52322 -e detoxSessionId a5fd5dfd-3c6c-cbf7-dd34-0d82597f9b9c -e detoxEnableSynchronization 0 -e debug false com.awsamplifycognito.test/androidx.test.runner.AndroidJUnitRunner terminated with SIGINT
13:08:18.064 detox[93271] [90mi[39m "/Users/anirudhmangalvedhekar/Library/Android/sdk/platform-tools/adb" -s emulator-19932 reverse --remove tcp:52322
13:08:18.065 detox[93269] [90mi[39m received event of :  deallocateDevice {
  deviceCookie: {
    id: 'emulator-19932',
    adbName: 'emulator-19932',
    name: 'emulator-19932 (Pixel_3a_API_34_extension_level_7_arm64-v8a)'
  }
}
13:08:18.065 detox[93271] [90mi[39m dispatching event to  primary-93269 /tmp/detox.primary-93269  :  deallocateDevice , {
  deviceCookie: {
    id: 'emulator-19932',
    adbName: 'emulator-19932',
    name: 'emulator-19932 (Pixel_3a_API_34_extension_level_7_arm64-v8a)'
  }
}
13:08:18.066 detox[93269] [90mB[39m free: emulator-19932
  data: {}
13:08:18.069 detox[93269] [90mE[39m free: emulator-19932
13:08:18.069 detox[93269] [90mi[39m dispatching event to socket  :  deallocateDeviceDone {}
13:08:18.069 detox[93271] [90mi[39m ## received events ##
13:08:18.069 detox[93271] [90mi[39m detected event deallocateDeviceDone {}
13:08:18.070 detox[93271] [90mE[39m tear down environment
13:08:18.070 detox[93271] [90mE[39m src/app.spec.ts
13:08:18.075 detox[93269] [90mi[39m received event of :  reportTestResults {
  testResults: [
    {
      success: false,
      testFilePath: '/Users/anirudhmangalvedhekar/Projects/notes/apps/aws-amplify-cognito-e2e/src/app.spec.ts',
      isPermanentFailure: false
    }
  ]
}
13:08:18.075 detox[93271] [90mi[39m dispatching event to  primary-93269 /tmp/detox.primary-93269  :  reportTestResults , {
  testResults: [
    {
      success: false,
      testFilePath: '/Users/anirudhmangalvedhekar/Projects/notes/apps/aws-amplify-cognito-e2e/src/app.spec.ts',
      testExecError: undefined,
      isPermanentFailure: false
    }
  ]
}
13:08:18.076 detox[93269] [90mi[39m dispatching event to socket  :  reportTestResultsDone {
  testResults: [
    {
      success: false,
      testFilePath: '/Users/anirudhmangalvedhekar/Projects/notes/apps/aws-amplify-cognito-e2e/src/app.spec.ts',
      isPermanentFailure: false
    }
  ]
}
13:08:18.076 detox[93269] [90mi[39m broadcasting event to all known sockets listening to  /tmp/detox.primary-93269  :   sessionStateUpdate {
  testResults: [
    {
      success: false,
      testFilePath: '/Users/anirudhmangalvedhekar/Projects/notes/apps/aws-amplify-cognito-e2e/src/app.spec.ts',
      isPermanentFailure: false
    }
  ]
}
13:08:18.076 detox[93271] [90mi[39m ## received events ##
13:08:18.076 detox[93271] [90mi[39m detected event reportTestResultsDone {
  testResults: [
    {
      success: false,
      testFilePath: '/Users/anirudhmangalvedhekar/Projects/notes/apps/aws-amplify-cognito-e2e/src/app.spec.ts',
      isPermanentFailure: false
    }
  ]
}
13:08:18.078 detox[93269] [90mi[39m socket disconnected secondary-93271
13:08:18.078 detox[93271] [90mi[39m connection closed primary-93269 /tmp/detox.primary-93269 0 tries remaining of 0
13:08:18.078 detox[93271] [90mi[39m secondary-93271 exceeded connection rety amount of  or stopRetrying flag set.
13:08:18.092 detox[93271] [90mi[39m 
13:08:18.192 detox[93269] [90mE[39m Command failed with exit code = 1:
jest --config ./jest.config.cts
13:08:18.193 detox[93269] [90mB[39m cleanup
  args: ()
13:08:18.194 detox[93269] [90mE[39m cleanup
13:08:18.195 detox[93269] [90mi[39m Detox server has been closed gracefully
13:08:18.195 detox[93269] [90mi[39m app exited session a5fd5dfd-3c6c-cbf7-dd34-0d82597f9b9c
13:08:18.195 detox[93269] [90mE[39m connection :52322<->:52501
13:08:18.196 detox[93269] [90mE[39m ../../node_modules/detox/local-cli/cli.js test --configuration android.emu.debug --record-logs all --take-screenshots failing --artifacts-location apps/aws-amplify-cognito-e2e/artifacts --loglevel info --reuse false
