--------- beginning of main
05-10 13:07:45.196  7284  7284 I samplifycognito: Late-enabling -Xcheck:jni
05-10 13:07:45.249  7284  7284 I samplifycognito: Using CollectorTypeCC GC.
05-10 13:07:45.871  7284  7284 D CompatibilityChangeReporter: Compat change id reported: 171979766; UID 10215; state: ENABLED
05-10 13:07:45.878  7284  7284 D CompatibilityChangeReporter: Compat change id reported: 242716250; UID 10215; state: ENABLED
--------- beginning of system
05-10 13:07:45.956  7284  7284 W ActivityThread: Package uses different ABI(s) than its instrumentation: package[com.awsamplifycognito]: arm64-v8a, null instrumentation[com.awsamplifycognito.test]: null, null
05-10 13:07:46.070  7284  7284 W samplifycognito: ClassLoaderContext shared library size mismatch. Expected=2, found=0 (PCL[]{PCL[/system/framework/android.test.base.jar*836642756]#PCL[/system/framework/android.test.mock.jar*3186112116]} | PCL[])
05-10 13:07:46.127  7284  7284 W samplifycognito: ClassLoaderContext classpath size mismatch. expected=0, found=1 (PCL[] | PCL[/system/framework/android.test.runner.jar*4168958247])
05-10 13:07:46.147  7284  7284 W samplifycognito: ClassLoaderContext classpath size mismatch. expected=0, found=2 (PCL[] | PCL[/system/framework/android.test.runner.jar*4168958247:/system/framework/android.test.mock.jar*3186112116])
05-10 13:07:46.165  7284  7284 W ziparchive: Unable to open '/data/app/~~84Hr5xuKJTFViJZSi8F9iA==/com.awsamplifycognito.test-yqi4y940_0cfh0bJ_wAszA==/base.dm': No such file or directory
05-10 13:07:46.181  7284  7284 W ziparchive: Unable to open '/data/app/~~84Hr5xuKJTFViJZSi8F9iA==/com.awsamplifycognito.test-yqi4y940_0cfh0bJ_wAszA==/base.dm': No such file or directory
05-10 13:07:49.601  7284  7284 W ziparchive: Unable to open '/data/app/~~3WR0iPYLixCihZwglSK5cg==/com.awsamplifycognito-vIgvXF3xEV91bRHSDoDMBA==/base.dm': No such file or directory
05-10 13:07:49.603  7284  7284 W ziparchive: Unable to open '/data/app/~~3WR0iPYLixCihZwglSK5cg==/com.awsamplifycognito-vIgvXF3xEV91bRHSDoDMBA==/base.dm': No such file or directory
05-10 13:07:50.407  7284  7284 D nativeloader: Configuring clns-6 for other apk /system/framework/android.test.runner.jar:/system/framework/android.test.mock.jar:/system/framework/android.test.base.jar:/data/app/~~84Hr5xuKJTFViJZSi8F9iA==/com.awsamplifycognito.test-yqi4y940_0cfh0bJ_wAszA==/base.apk:/data/app/~~3WR0iPYLixCihZwglSK5cg==/com.awsamplifycognito-vIgvXF3xEV91bRHSDoDMBA==/base.apk. target_sdk_version=35, uses_libraries=, library_path=/data/app/~~84Hr5xuKJTFViJZSi8F9iA==/com.awsamplifycognito.test-yqi4y940_0cfh0bJ_wAszA==/lib/arm64:/data/app/~~3WR0iPYLixCihZwglSK5cg==/com.awsamplifycognito-vIgvXF3xEV91bRHSDoDMBA==/lib/arm64:/data/app/~~84Hr5xuKJTFViJZSi8F9iA==/com.awsamplifycognito.test-yqi4y940_0cfh0bJ_wAszA==/base.apk!/lib/arm64-v8a:/data/app/~~3WR0iPYLixCihZwglSK5cg==/com.awsamplifycognito-vIgvXF3xEV91bRHSDoDMBA==/base.apk!/lib/arm64-v8a, permitted_path=/data:/mnt/expand:/data/user/0/com.awsamplifycognito
05-10 13:07:50.530  7284  7284 V GraphicsEnvironment: Currently set values for:
05-10 13:07:50.532  7284  7284 V GraphicsEnvironment:   angle_gl_driver_selection_pkgs=[]
05-10 13:07:50.532  7284  7284 V GraphicsEnvironment:   angle_gl_driver_selection_values=[]
05-10 13:07:50.533  7284  7284 V GraphicsEnvironment: ANGLE GameManagerService for com.awsamplifycognito: false
05-10 13:07:50.533  7284  7284 V GraphicsEnvironment: com.awsamplifycognito is not listed in per-application setting
05-10 13:07:50.533  7284  7284 V GraphicsEnvironment: Neither updatable production driver nor prerelease driver is supported.
05-10 13:07:50.542  7284  7284 D ApplicationLoaders: Returning zygote-cached class loader: /system/framework/android.test.base.jar
05-10 13:07:50.645  7284  7284 D nativeloader: Configuring clns-7 for other apk /system/framework/android.test.mock.jar. target_sdk_version=35, uses_libraries=ALL, library_path=/data/app/~~84Hr5xuKJTFViJZSi8F9iA==/com.awsamplifycognito.test-yqi4y940_0cfh0bJ_wAszA==/lib/arm64:/data/app/~~3WR0iPYLixCihZwglSK5cg==/com.awsamplifycognito-vIgvXF3xEV91bRHSDoDMBA==/lib/arm64, permitted_path=/data:/mnt/expand
05-10 13:07:50.720  7284  7284 D ApplicationLoaders: Returning zygote-cached class loader: /system/framework/android.test.base.jar
05-10 13:07:50.744  7284  7284 D nativeloader: Configuring clns-8 for other apk /system/framework/android.test.runner.jar. target_sdk_version=35, uses_libraries=ALL, library_path=/data/app/~~84Hr5xuKJTFViJZSi8F9iA==/com.awsamplifycognito.test-yqi4y940_0cfh0bJ_wAszA==/lib/arm64:/data/app/~~3WR0iPYLixCihZwglSK5cg==/com.awsamplifycognito-vIgvXF3xEV91bRHSDoDMBA==/lib/arm64, permitted_path=/data:/mnt/expand
05-10 13:07:50.756  7284  7284 W samplifycognito: ClassLoaderContext shared library size mismatch. Expected=2, found=3 (PCL[]{PCL[/system/framework/android.test.base.jar*836642756]#PCL[/system/framework/android.test.mock.jar*3186112116]} | PCL[]{PCL[/system/framework/android.test.base.jar*836642756]#PCL[/system/framework/android.test.mock.jar*3186112116]#PCL[/system/framework/android.test.runner.jar*4168958247]{PCL[/system/framework/android.test.base.jar*836642756]#PCL[/system/framework/android.test.mock.jar*3186112116]}};PCL[/system/framework/android.test.runner.jar*4168958247:/system/framework/android.test.mock.jar*3186112116:/system/framework/android.test.base.jar*836642756:/data/app/~~84Hr5xuKJTFViJZSi8F9iA==/com.awsamplifycognito.test-yqi4y940_0cfh0bJ_wAszA==/base.apk*291798590:/data/app/~~84Hr5xuKJTFViJZSi8F9iA==/com.awsamplifycognito.test-yqi4y940_0cfh0bJ_wAszA==/base.apk!classes2.dex*4152993082:/data/app/~~84Hr5xuKJTFViJZSi8F9iA==/com.awsamplifycognito.test-yqi4y940_0cfh0bJ_wAszA==/base.apk!classes3.dex*3446622282:/data/app/~~84Hr5xuKJTFViJZSi8F9iA==/com.awsamplifycognito.test-yqi4y940_0cfh0bJ_wAszA==/base.apk!classes4.dex*3859781472:/data/app/~~84Hr5xuKJTFViJZSi8F9iA==/com.awsamplifycognito.test-yqi4y940_0cfh0bJ_wAszA==/base.apk!classes5.dex*2679280996:/data/app/~~3WR0iPYLixCihZwglSK5cg==/com.awsamplifycognito-vIgvXF3xEV91bRHSDoDMBA==/base.apk*2830913674:/data/app/~~3WR0iPYLixCihZwglSK5cg==/com.awsamplifycognito-vIgvXF3xEV91bRHSDoDMBA==/base.apk!classes2.dex*2956713347:/data/app/~~3WR0iPYLixCihZwglSK5cg==/com.awsamplifycognito-vIgvXF3xEV91bRHSDoDMBA==/base.apk!classes3.dex*3307271820:/data/app/~~3WR0iPYLixCihZwglSK5cg==/com.awsamplifycognito-vIgvXF3xEV91bRHSDoDMBA==/base.apk!classes4.dex*1466542870:/data/app/~~3WR0iPYLixCihZwglSK5cg==/com.awsamplifycognito-vIgvXF3xEV91bRHSDoDMBA==/base.apk!classes5.dex*2856262580:/data/app/~~3WR0iPYLixCihZwglSK5cg==/com.awsamplifycognito-vIgvXF3xEV91bRHSDoDMBA==/base.apk!classes6.dex*1322540811:/data/app/~~3WR0iPYLixCihZwglSK5cg==/com.awsamplifycognito-vIgvXF3xEV91bRHSDoDMBA==/base.apk!classes7.dex*2059858436:/data/app/~~3WR0iPYLixCihZwglSK5cg==/com.awsamplifycognito-vIgvXF3xEV91bRHSDoDMBA==/base.apk!classes8.dex*2590505470:/data/app/~~3WR0iPYLixCihZwglSK5cg==/com.awsamplifycognito-vIgvXF3xEV91bRHSDoDMBA==/base.apk!classes9.dex*3281207371:/data/app/~~3WR0iPYLixCihZwglSK5cg==/com.awsamplifycognito-vIgvXF3xEV91bRHSDoDMBA==/base.apk!classes10.dex*841135791:/data/app/~~3WR0iPYLixCihZwglSK5cg==/com.awsamplifycognito-vIgvXF3xEV91bRHSDoDMBA==/base.apk!classes11.dex*629905592])
05-10 13:07:50.765  7284  7284 W samplifycognito: ClassLoaderContext classpath size mismatch. expected=0, found=1 (PCL[] | PCL[/system/framework/android.test.runner.jar*4168958247]{PCL[/system/framework/android.test.base.jar*836642756]#PCL[/system/framework/android.test.mock.jar*3186112116]#PCL[/system/framework/android.test.runner.jar*4168958247]{PCL[/system/framework/android.test.base.jar*836642756]#PCL[/system/framework/android.test.mock.jar*3186112116]}};PCL[/system/framework/android.test.runner.jar*4168958247:/system/framework/android.test.mock.jar*3186112116:/system/framework/android.test.base.jar*836642756:/data/app/~~84Hr5xuKJTFViJZSi8F9iA==/com.awsamplifycognito.test-yqi4y940_0cfh0bJ_wAszA==/base.apk*291798590:/data/app/~~84Hr5xuKJTFViJZSi8F9iA==/com.awsamplifycognito.test-yqi4y940_0cfh0bJ_wAszA==/base.apk!classes2.dex*4152993082:/data/app/~~84Hr5xuKJTFViJZSi8F9iA==/com.awsamplifycognito.test-yqi4y940_0cfh0bJ_wAszA==/base.apk!classes3.dex*3446622282:/data/app/~~84Hr5xuKJTFViJZSi8F9iA==/com.awsamplifycognito.test-yqi4y940_0cfh0bJ_wAszA==/base.apk!classes4.dex*3859781472:/data/app/~~84Hr5xuKJTFViJZSi8F9iA==/com.awsamplifycognito.test-yqi4y940_0cfh0bJ_wAszA==/base.apk!classes5.dex*2679280996:/data/app/~~3WR0iPYLixCihZwglSK5cg==/com.awsamplifycognito-vIgvXF3xEV91bRHSDoDMBA==/base.apk*2830913674:/data/app/~~3WR0iPYLixCihZwglSK5cg==/com.awsamplifycognito-vIgvXF3xEV91bRHSDoDMBA==/base.apk!classes2.dex*2956713347:/data/app/~~3WR0iPYLixCihZwglSK5cg==/com.awsamplifycognito-vIgvXF3xEV91bRHSDoDMBA==/base.apk!classes3.dex*3307271820:/data/app/~~3WR0iPYLixCihZwglSK5cg==/com.awsamplifycognito-vIgvXF3xEV91bRHSDoDMBA==/base.apk!classes4.dex*1466542870:/data/app/~~3WR0iPYLixCihZwglSK5cg==/com.awsamplifycognito-vIgvXF3xEV91bRHSDoDMBA==/base.apk!classes5.dex*2856262580:/data/app/~~3WR0iPYLixCihZwglSK5cg==/com.awsamplifycognito-vIgvXF3xEV91bRHSDoDMBA==/base.apk!classes6.dex*1322540811:/data/app/~~3WR0iPYLixCihZwglSK5cg==/com.awsamplifycognito-vIgvXF3xEV91bRHSDoDMBA==/base.apk!classes7.dex*2059858436:/data/app/~~3WR0iPYLixCihZwglSK5cg==/com.awsamplifycognito-vIgvXF3xEV91bRHSDoDMBA==/base.apk!classes8.dex*2590505470:/data/app/~~3WR0iPYLixCihZwglSK5cg==/com.awsamplifycognito-vIgvXF3xEV91bRHSDoDMBA==/base.apk!classes9.dex*3281207371:/data/app/~~3WR0iPYLixCihZwglSK5cg==/com.awsamplifycognito-vIgvXF3xEV91bRHSDoDMBA==/base.apk!classes10.dex*841135791:/data/app/~~3WR0iPYLixCihZwglSK5cg==/com.awsamplifycognito-vIgvXF3xEV91bRHSDoDMBA==/base.apk!classes11.dex*629905592])
05-10 13:07:50.776  7284  7284 W samplifycognito: ClassLoaderContext classpath size mismatch. expected=0, found=2 (PCL[] | PCL[/system/framework/android.test.runner.jar*4168958247:/system/framework/android.test.mock.jar*3186112116]{PCL[/system/framework/android.test.base.jar*836642756]#PCL[/system/framework/android.test.mock.jar*3186112116]#PCL[/system/framework/android.test.runner.jar*4168958247]{PCL[/system/framework/android.test.base.jar*836642756]#PCL[/system/framework/android.test.mock.jar*3186112116]}};PCL[/system/framework/android.test.runner.jar*4168958247:/system/framework/android.test.mock.jar*3186112116:/system/framework/android.test.base.jar*836642756:/data/app/~~84Hr5xuKJTFViJZSi8F9iA==/com.awsamplifycognito.test-yqi4y940_0cfh0bJ_wAszA==/base.apk*291798590:/data/app/~~84Hr5xuKJTFViJZSi8F9iA==/com.awsamplifycognito.test-yqi4y940_0cfh0bJ_wAszA==/base.apk!classes2.dex*4152993082:/data/app/~~84Hr5xuKJTFViJZSi8F9iA==/com.awsamplifycognito.test-yqi4y940_0cfh0bJ_wAszA==/base.apk!classes3.dex*3446622282:/data/app/~~84Hr5xuKJTFViJZSi8F9iA==/com.awsamplifycognito.test-yqi4y940_0cfh0bJ_wAszA==/base.apk!classes4.dex*3859781472:/data/app/~~84Hr5xuKJTFViJZSi8F9iA==/com.awsamplifycognito.test-yqi4y940_0cfh0bJ_wAszA==/base.apk!classes5.dex*2679280996:/data/app/~~3WR0iPYLixCihZwglSK5cg==/com.awsamplifycognito-vIgvXF3xEV91bRHSDoDMBA==/base.apk*2830913674:/data/app/~~3WR0iPYLixCihZwglSK5cg==/com.awsamplifycognito-vIgvXF3xEV91bRHSDoDMBA==/base.apk!classes2.dex*2956713347:/data/app/~~3WR0iPYLixCihZwglSK5cg==/com.awsamplifycognito-vIgvXF3xEV91bRHSDoDMBA==/base.apk!classes3.dex*3307271820:/data/app/~~3WR0iPYLixCihZwglSK5cg==/com.awsamplifycognito-vIgvXF3xEV91bRHSDoDMBA==/base.apk!classes4.dex*1466542870:/data/app/~~3WR0iPYLixCihZwglSK5cg==/com.awsamplifycognito-vIgvXF3xEV91bRHSDoDMBA==/base.apk!classes5.dex*2856262580:/data/app/~~3WR0iPYLixCihZwglSK5cg==/com.awsamplifycognito-vIgvXF3xEV91bRHSDoDMBA==/base.apk!classes6.dex*1322540811:/data/app/~~3WR0iPYLixCihZwglSK5cg==/com.awsamplifycognito-vIgvXF3xEV91bRHSDoDMBA==/base.apk!classes7.dex*2059858436:/data/app/~~3WR0iPYLixCihZwglSK5cg==/com.awsamplifycognito-vIgvXF3xEV91bRHSDoDMBA==/base.apk!classes8.dex*2590505470:/data/app/~~3WR0iPYLixCihZwglSK5cg==/com.awsamplifycognito-vIgvXF3xEV91bRHSDoDMBA==/base.apk!classes9.dex*3281207371:/data/app/~~3WR0iPYLixCihZwglSK5cg==/com.awsamplifycognito-vIgvXF3xEV91bRHSDoDMBA==/base.apk!classes10.dex*841135791:/data/app/~~3WR0iPYLixCihZwglSK5cg==/com.awsamplifycognito-vIgvXF3xEV91bRHSDoDMBA==/base.apk!classes11.dex*629905592])
05-10 13:07:50.797  7284  7284 W ziparchive: Unable to open '/data/app/~~84Hr5xuKJTFViJZSi8F9iA==/com.awsamplifycognito.test-yqi4y940_0cfh0bJ_wAszA==/base.dm': No such file or directory
05-10 13:07:50.802  7284  7284 W ziparchive: Unable to open '/data/app/~~84Hr5xuKJTFViJZSi8F9iA==/com.awsamplifycognito.test-yqi4y940_0cfh0bJ_wAszA==/base.dm': No such file or directory
05-10 13:07:51.473  7284  7284 W ziparchive: Unable to open '/data/app/~~3WR0iPYLixCihZwglSK5cg==/com.awsamplifycognito-vIgvXF3xEV91bRHSDoDMBA==/base.dm': No such file or directory
05-10 13:07:51.474  7284  7284 W ziparchive: Unable to open '/data/app/~~3WR0iPYLixCihZwglSK5cg==/com.awsamplifycognito-vIgvXF3xEV91bRHSDoDMBA==/base.dm': No such file or directory
05-10 13:07:52.001  7284  7284 I AndroidJUnitRunner: newApplication com.awsamplifycognito.MainApplication
05-10 13:07:52.143  7284  7284 I AndroidJUnitRunner: onCreate Bundle[mParcelledData.dataSize=312]
05-10 13:07:52.161  7284  7284 D AndroidJUnitRunner: Use the raw file system for managing file I/O.
05-10 13:07:52.206  7284  7284 V TestEventClient: No service name argument was given (testDiscoveryService, testRunEventService or orchestratorService)
05-10 13:07:52.217  7284  7284 W SoLoader: Initializing SoLoader: 0
05-10 13:07:52.219  7284  7320 D AndroidJUnitRunner: onStart is called.
05-10 13:07:52.220  7284  7284 W SoLoader: Recording new base apk path: /data/app/~~3WR0iPYLixCihZwglSK5cg==/com.awsamplifycognito-vIgvXF3xEV91bRHSDoDMBA==/base.apk
05-10 13:07:52.220  7284  7284 W SoLoader: Previously recorded 0 base apk paths.
05-10 13:07:52.227  7284  7284 I SoLoader: Preparing SO source: DirectorySoSource[root = /vendor/lib64 flags = 2]
05-10 13:07:52.230  7284  7284 I SoLoader: Preparing SO source: DirectorySoSource[root = /system/lib64 flags = 2]
05-10 13:07:52.230  7284  7284 I SoLoader: Preparing SO source: DirectApkSoSource[root = [/data/app/~~3WR0iPYLixCihZwglSK5cg==/com.awsamplifycognito-vIgvXF3xEV91bRHSDoDMBA==/base.apk!/lib/arm64-v8a]]
05-10 13:07:52.295  7284  7284 I SoLoader: Preparing SO source: ApplicationSoSource[DirectorySoSource[root = /data/app/~~3WR0iPYLixCihZwglSK5cg==/com.awsamplifycognito-vIgvXF3xEV91bRHSDoDMBA==/lib/arm64 flags = 0]]
05-10 13:07:52.301  7284  7284 I SoLoader: init finish: 4 SO sources prepared
05-10 13:07:52.307  7284  7284 W SoLoader: SoLoader initialized: 8
05-10 13:07:52.553  7284  7284 D jni_lib_merge: Entering merged library JNI_OnLoad.
05-10 13:07:52.553  7284  7284 D jni_lib_merge: Preparing 12 pre-merged libs (including stub)
05-10 13:07:52.554  7284  7284 D jni_lib_merge: Preparing to register libfabricjni_so.  onload_func: 0x74613b5f38
05-10 13:07:52.554  7284  7284 D jni_lib_merge: Preparing to register libreact_devsupportjni_so.  onload_func: 0x74615be81c
05-10 13:07:52.555  7284  7284 D jni_lib_merge: Preparing to register libreact_featureflagsjni_so.  onload_func: 0x74615d0b7c
05-10 13:07:52.557  7284  7284 D jni_lib_merge: Preparing to register libreact_newarchdefaults_so.  onload_func: 0x7461675f24
05-10 13:07:52.557  7284  7284 D jni_lib_merge: Preparing to register libreactnativeblob_so.  onload_func: 0x7461888088
05-10 13:07:52.557  7284  7284 D jni_lib_merge: Preparing to register libreactnativejni_so.  onload_func: 0x74618caffc
05-10 13:07:52.557  7284  7284 D jni_lib_merge: Preparing to register libreactnativejni_common_so.  onload_func: 0x74618db9f0
05-10 13:07:52.557  7284  7284 D jni_lib_merge: Preparing to register librninstance_so.  onload_func: 0x746191a62c
05-10 13:07:52.557  7284  7284 D jni_lib_merge: Preparing to register libturbomodulejsijni_so.  onload_func: 0x7461a77734
05-10 13:07:52.557  7284  7284 D jni_lib_merge: Preparing to register libuimanagerjni_so.  onload_func: 0x7461a906e8
05-10 13:07:52.557  7284  7284 D jni_lib_merge: Preparing to register libyoga_so.  onload_func: 0x7461aa016c
05-10 13:07:52.557  7284  7284 D jni_lib_merge: About to register 11 actual methods.
05-10 13:07:52.581  7284  7284 D jni_lib_merge: Entering merged library JNI_OnLoad.
05-10 13:07:52.583  7284  7284 D jni_lib_merge: Preparing 12 pre-merged libs (including stub)
05-10 13:07:52.583  7284  7284 D jni_lib_merge: Preparing to register libfabricjni_so.  onload_func: 0x74613b5f38
05-10 13:07:52.583  7284  7284 D jni_lib_merge: Preparing to register libreact_devsupportjni_so.  onload_func: 0x74615be81c
05-10 13:07:52.583  7284  7284 D jni_lib_merge: Preparing to register libreact_featureflagsjni_so.  onload_func: 0x74615d0b7c
05-10 13:07:52.583  7284  7284 D jni_lib_merge: Preparing to register libreact_newarchdefaults_so.  onload_func: 0x7461675f24
05-10 13:07:52.584  7284  7284 D jni_lib_merge: Preparing to register libreactnativeblob_so.  onload_func: 0x7461888088
05-10 13:07:52.584  7284  7284 D jni_lib_merge: Preparing to register libreactnativejni_so.  onload_func: 0x74618caffc
05-10 13:07:52.584  7284  7284 D jni_lib_merge: Preparing to register libreactnativejni_common_so.  onload_func: 0x74618db9f0
05-10 13:07:52.584  7284  7284 D jni_lib_merge: Preparing to register librninstance_so.  onload_func: 0x746191a62c
05-10 13:07:52.584  7284  7284 D jni_lib_merge: Preparing to register libturbomodulejsijni_so.  onload_func: 0x7461a77734
05-10 13:07:52.584  7284  7284 D jni_lib_merge: Preparing to register libuimanagerjni_so.  onload_func: 0x7461a906e8
05-10 13:07:52.584  7284  7284 D jni_lib_merge: Preparing to register libyoga_so.  onload_func: 0x7461aa016c
05-10 13:07:52.584  7284  7284 D jni_lib_merge: About to register 11 actual methods.
05-10 13:07:52.601  7284  7320 I InstrConnection: Could not send broadcast or register receiver (isolatedProcess?)
05-10 13:07:52.608  7284  7320 D TestRequestBuilder: Using class path scanning to discover tests
05-10 13:07:52.609  7284  7320 I TestRequestBuilder: Scanning classpath to find tests in paths [/data/app/~~84Hr5xuKJTFViJZSi8F9iA==/com.awsamplifycognito.test-yqi4y940_0cfh0bJ_wAszA==/base.apk]
05-10 13:07:52.610  7284  7320 W samplifycognito: Opening an oat file without a class loader. Are you using the deprecated DexFile APIs?
05-10 13:07:55.128  7284  7320 W ScanningTestLoader: Could not load class: com.google.android.material.shadow.ShadowDrawableWrapper
05-10 13:07:55.128  7284  7320 W ScanningTestLoader: java.lang.ClassNotFoundException: com.google.android.material.shadow.ShadowDrawableWrapper
05-10 13:07:55.128  7284  7320 W ScanningTestLoader: 	at java.lang.Class.classForName(Native Method)
05-10 13:07:55.128  7284  7320 W ScanningTestLoader: 	at java.lang.Class.forName(Class.java:536)
05-10 13:07:55.128  7284  7320 W ScanningTestLoader: 	at androidx.test.internal.runner.ScanningTestLoader.doCreateRunner(ScanningTestLoader.java:45)
05-10 13:07:55.128  7284  7320 W ScanningTestLoader: 	at androidx.test.internal.runner.TestLoader.getRunnersFor(TestLoader.java:64)
05-10 13:07:55.128  7284  7320 W ScanningTestLoader: 	at androidx.test.internal.runner.TestRequestBuilder.build(TestRequestBuilder.java:842)
05-10 13:07:55.128  7284  7320 W ScanningTestLoader: 	at androidx.test.runner.AndroidJUnitRunner.buildRequest(AndroidJUnitRunner.java:663)
05-10 13:07:55.128  7284  7320 W ScanningTestLoader: 	at androidx.test.runner.AndroidJUnitRunner.onStart(AndroidJUnitRunner.java:437)
05-10 13:07:55.128  7284  7320 W ScanningTestLoader: 	at android.app.Instrumentation$InstrumentationThread.run(Instrumentation.java:2402)
05-10 13:07:55.128  7284  7320 W ScanningTestLoader: Caused by: java.lang.ClassNotFoundException: com.google.android.material.shadow.ShadowDrawableWrapper
05-10 13:07:55.128  7284  7320 W ScanningTestLoader: 	at java.lang.VMClassLoader.findLoadedClass(Native Method)
05-10 13:07:55.128  7284  7320 W ScanningTestLoader: 	at java.lang.ClassLoader.findLoadedClass(ClassLoader.java:738)
05-10 13:07:55.128  7284  7320 W ScanningTestLoader: 	at java.lang.ClassLoader.loadClass(ClassLoader.java:363)
05-10 13:07:55.128  7284  7320 W ScanningTestLoader: 	at java.lang.ClassLoader.loadClass(ClassLoader.java:312)
05-10 13:07:55.128  7284  7320 W ScanningTestLoader: 	... 8 more
05-10 13:07:55.128  7284  7320 W ScanningTestLoader: Caused by: java.lang.NoClassDefFoundError: Failed resolution of: Landroidx/appcompat/graphics/drawable/DrawableWrapper;
05-10 13:07:55.128  7284  7320 W ScanningTestLoader: 	... 8 more
05-10 13:07:55.128  7284  7320 W ScanningTestLoader: Caused by: java.lang.ClassNotFoundException: Didn't find class "androidx.appcompat.graphics.drawable.DrawableWrapper" on path: DexPathList[[zip file "/system/framework/android.test.runner.jar", zip file "/system/framework/android.test.mock.jar", zip file "/system/framework/android.test.base.jar", zip file "/data/app/~~84Hr5xuKJTFViJZSi8F9iA==/com.awsamplifycognito.test-yqi4y940_0cfh0bJ_wAszA==/base.apk", zip file "/data/app/~~3WR0iPYLixCihZwglSK5cg==/com.awsamplifycognito-vIgvXF3xEV91bRHSDoDMBA==/base.apk"],nativeLibraryDirectories=[/data/app/~~84Hr5xuKJTFViJZSi8F9iA==/com.awsamplifycognito.test-yqi4y940_0cfh0bJ_wAszA==/lib/arm64, /data/app/~~3WR0iPYLixCihZwglSK5cg==/com.awsamplifycognito-vIgvXF3xEV91bRHSDoDMBA==/lib/arm64, /data/app/~~84Hr5xuKJTFViJZSi8F9iA==/com.awsamplifycognito.test-yqi4y940_0cfh0bJ_wAszA==/base.apk!/lib/arm64-v8a, /data/app/~~3WR0iPYLixCihZwglSK5cg==/com.awsamplifycognito-vIgvXF3xEV91bRHSDoDMBA==/base.apk!/lib/arm64-v8a, /system/lib64, /system_ext/lib64]]
05-10 13:07:55.128  7284  7320 W ScanningTestLoader: 	at dalvik.system.BaseDexClassLoader.findClass(BaseDexClassLoader.java:259)
05-10 13:07:55.128  7284  7320 W ScanningTestLoader: 	at java.lang.ClassLoader.loadClass(ClassLoader.java:379)
05-10 13:07:55.128  7284  7320 W ScanningTestLoader: 	at java.lang.ClassLoader.loadClass(ClassLoader.java:312)
05-10 13:07:55.128  7284  7320 W ScanningTestLoader: 	... 8 more
05-10 13:07:55.749  7284  7290 I samplifycognito: Background concurrent copying GC freed 202393(11MB) AllocSpace objects, 0(0B) LOS objects, 49% free, 5488KB/10MB, paused 19.718ms,128us total 488.702ms
05-10 13:07:56.826  7284  7290 I samplifycognito: Background young concurrent copying GC freed 121773(5366KB) AllocSpace objects, 0(0B) LOS objects, 47% free, 5779KB/10MB, paused 30us,22us total 164.362ms
05-10 13:07:56.916  7284  7320 I TestRunner: run started: 1 tests
05-10 13:07:56.919  7284  7320 I TestRunner: started: runDetoxTests(com.awsamplifycognito.DetoxTest)
05-10 13:07:56.941  7284  7320 I Detox   : Detox server connection details: url=ws://localhost:52322, sessionId=a5fd5dfd-3c6c-cbf7-dd34-0d82597f9b9c
05-10 13:07:56.950  7284  7320 W FileTestStorage: Output properties is not supported.
05-10 13:07:56.951  7284  7320 I Tracing : Tracer added: class androidx.test.platform.tracing.AndroidXTracer
05-10 13:07:56.967  7284  7320 D EventInjectionStrategy: Creating injection strategy with input manager.
05-10 13:07:56.968  7284  7320 W samplifycognito: Accessing hidden method Landroid/hardware/input/InputManager;->getInstance()Landroid/hardware/input/InputManager; (unsupported, reflection, allowed)
05-10 13:07:56.970  7284  7320 W samplifycognito: Accessing hidden method Landroid/hardware/input/InputManager;->injectInputEvent(Landroid/view/InputEvent;I)Z (unsupported, reflection, allowed)
05-10 13:07:56.970  7284  7320 W samplifycognito: Accessing hidden field Landroid/hardware/input/InputManager;->INJECT_INPUT_EVENT_MODE_WAIT_FOR_FINISH:I (unsupported, reflection, allowed)
05-10 13:07:56.985  7284  7320 W samplifycognito: Accessing hidden field Ljava/lang/reflect/Field;->accessFlags:I (unsupported, reflection, allowed)
05-10 13:07:56.992  7284  7320 I Detox   : Connecting to server...
05-10 13:07:56.992  7284  7320 I DetoxWSClient: At connectToServer
05-10 13:07:57.160  7284  7332 D TrafficStats: tagSocket(84) with statsTag=0xffffffff, statsUid=-1
05-10 13:07:57.241  7284  7332 D DetoxWSClient: At onOpen
05-10 13:07:57.242  7284  7332 I DetoxWSClient: Sending out action 'login' (ID #0)
05-10 13:07:57.247  7284  7332 I Detox   : Connected to server!
05-10 13:07:57.250  7284  7332 D DetoxWSClient: Received action 'loginSuccess' (ID #0, params={"testerConnected":true,"appConnected":true})
05-10 13:07:57.252  7284  7328 I DetoxDispatcher: Handling action 'loginSuccess' (ID #0)...
05-10 13:07:57.252  7284  7320 I Detox   : Launching the tested activity!
05-10 13:07:57.256  7284  7328 I DetoxDispatcher: Done with action 'loginSuccess'
05-10 13:07:57.292  7284  7332 D DetoxWSClient: Received action 'isReady' (ID #-1000, params={})
05-10 13:07:57.298  7284  7328 I DetoxDispatcher: Handling action 'isReady' (ID #-1000)...
05-10 13:07:57.799  7284  7342 D libEGL  : loaded /vendor/lib64/egl/libEGL_emulation.so
05-10 13:07:57.814  7284  7342 D libEGL  : loaded /vendor/lib64/egl/libGLESv1_CM_emulation.so
05-10 13:07:57.995  7284  7342 D libEGL  : loaded /vendor/lib64/egl/libGLESv2_emulation.so
05-10 13:07:58.009  7284  7284 D AppCompatDelegate: Checking for metadata for AppLocalesMetadataHolderService : Service not found
05-10 13:07:58.062  7284  7284 D LifecycleMonitor: Lifecycle status change: com.awsamplifycognito.MainActivity@6c16dfd in: PRE_ON_CREATE
05-10 13:07:58.211  7284  7284 D jni_lib_merge: Entering merged library JNI_OnLoad.
05-10 13:07:58.212  7284  7284 D jni_lib_merge: Preparing 4 pre-merged libs (including stub)
05-10 13:07:58.214  7284  7284 D jni_lib_merge: Preparing to register libhermes_executor_so.  onload_func: 0x7448f2dfa4
05-10 13:07:58.214  7284  7284 D jni_lib_merge: Preparing to register libhermesinstancejni_so.  onload_func: 0x7448f678b4
05-10 13:07:58.214  7284  7284 D jni_lib_merge: Preparing to register libjsijniprofiler_so.  onload_func: 0x7448f698f8
05-10 13:07:58.214  7284  7284 D jni_lib_merge: About to register 3 actual methods.
05-10 13:07:58.500  7284  7284 W unknown:BridgelessReact: ReactHost{0}.startSurface(surfaceId = 0): Schedule
05-10 13:07:58.502  7284  7284 W unknown:BridgelessReact: ReactHost{0}.attachSurface(surfaceId = 0)
05-10 13:07:58.511  7284  7350 W unknown:BridgelessReact: ReactHost{0}.getOrCreateReactInstanceTask()
05-10 13:07:58.519  7284  7350 W unknown:BridgelessReact: ReactHost{0}.getOrCreateReactInstanceTask(): Start
05-10 13:07:58.526  7284  7350 D Detox.RNMarker: REACT_BRIDGELESS_LOADING_START (null)
05-10 13:07:58.527  7284  7350 W unknown:BridgelessReact: ReactHost{0}.getJSBundleLoader()
05-10 13:07:58.535  7284  7350 W unknown:BridgelessReact: ReactHost{0}.isMetroRunning()
05-10 13:07:58.547  7284  7284 W samplifycognito: Accessing hidden method Landroid/view/ViewGroup;->makeOptionalFitsSystemWindows()V (unsupported, reflection, allowed)
05-10 13:07:58.562  7284  7284 D LifecycleMonitor: Lifecycle status change: com.awsamplifycognito.MainActivity@6c16dfd in: CREATED
05-10 13:07:58.567  7284  7284 D LifecycleMonitor: Lifecycle status change: com.awsamplifycognito.MainActivity@6c16dfd in: STARTED
05-10 13:07:58.575  7284  7284 W unknown:BridgelessReact: ReactHost{0}.onHostResume(activity)
05-10 13:07:58.575  7284  7284 D LifecycleMonitor: Lifecycle status change: com.awsamplifycognito.MainActivity@6c16dfd in: RESUMED
05-10 13:07:58.587  7284  7284 D CompatibilityChangeReporter: Compat change id reported: 237531167; UID 10215; state: DISABLED
05-10 13:07:58.591  7284  7284 W OpenGLRenderer: Unknown dataspace 0
05-10 13:07:58.642  7284  7352 D ProfileInstaller: Installing profile for com.awsamplifycognito
05-10 13:07:58.697  7284  7340 W OpenGLRenderer: Failed to choose config with EGL_SWAP_BEHAVIOR_PRESERVED, retrying without...
05-10 13:07:58.698  7284  7340 W OpenGLRenderer: Failed to initialize 101010-2 format, error = EGL_SUCCESS
05-10 13:07:58.723  7284  7340 I Gralloc4: mapper 4.x is not supported
05-10 13:07:58.745  7284  7340 E OpenGLRenderer: Unable to match the desired swap behavior.
05-10 13:07:58.855  7284  7284 W unknown:BridgelessReact: ReactHost{0}.raiseSoftException(onWindowFocusChange(hasFocus = "true")): Tried to access onWindowFocusChange while context is not ready
05-10 13:07:58.859  7284  7284 E unknown:ReactHost: Unhandled SoftException
05-10 13:07:58.859  7284  7284 E unknown:ReactHost: com.facebook.react.bridge.ReactNoCrashSoftException: raiseSoftException(onWindowFocusChange(hasFocus = "true")): Tried to access onWindowFocusChange while context is not ready
05-10 13:07:58.859  7284  7284 E unknown:ReactHost: 	at com.facebook.react.runtime.ReactHostImpl.raiseSoftException(ReactHostImpl.kt:861)
05-10 13:07:58.859  7284  7284 E unknown:ReactHost: 	at com.facebook.react.runtime.ReactHostImpl.raiseSoftException$default(ReactHostImpl.kt:852)
05-10 13:07:58.859  7284  7284 E unknown:ReactHost: 	at com.facebook.react.runtime.ReactHostImpl.onWindowFocusChange(ReactHostImpl.kt:625)
05-10 13:07:58.859  7284  7284 E unknown:ReactHost: 	at com.facebook.react.ReactDelegate.onWindowFocusChanged(ReactDelegate.kt:232)
05-10 13:07:58.859  7284  7284 E unknown:ReactHost: 	at com.facebook.react.ReactActivityDelegate.onWindowFocusChanged(ReactActivityDelegate.java:237)
05-10 13:07:58.859  7284  7284 E unknown:ReactHost: 	at com.facebook.react.ReactActivity.onWindowFocusChanged(ReactActivity.java:158)
05-10 13:07:58.859  7284  7284 E unknown:ReactHost: 	at androidx.appcompat.view.WindowCallbackWrapper.onWindowFocusChanged(WindowCallbackWrapper.java:124)
05-10 13:07:58.859  7284  7284 E unknown:ReactHost: 	at com.android.internal.policy.DecorView.onWindowFocusChanged(DecorView.java:1788)
05-10 13:07:58.859  7284  7284 E unknown:ReactHost: 	at android.view.View.dispatchWindowFocusChanged(View.java:15933)
05-10 13:07:58.859  7284  7284 E unknown:ReactHost: 	at android.view.ViewGroup.dispatchWindowFocusChanged(ViewGroup.java:1509)
05-10 13:07:58.859  7284  7284 E unknown:ReactHost: 	at android.view.ViewRootImpl.dispatchFocusEvent(ViewRootImpl.java:4059)
05-10 13:07:58.859  7284  7284 E unknown:ReactHost: 	at android.view.ViewRootImpl.handleWindowFocusChanged(ViewRootImpl.java:3963)
05-10 13:07:58.859  7284  7284 E unknown:ReactHost: 	at android.view.ViewRootImpl.-$$Nest$mhandleWindowFocusChanged(Unknown Source:0)
05-10 13:07:58.859  7284  7284 E unknown:ReactHost: 	at android.view.ViewRootImpl$ViewRootHandler.handleMessageImpl(ViewRootImpl.java:5954)
05-10 13:07:58.859  7284  7284 E unknown:ReactHost: 	at android.view.ViewRootImpl$ViewRootHandler.handleMessage(ViewRootImpl.java:5862)
05-10 13:07:58.859  7284  7284 E unknown:ReactHost: 	at android.os.Handler.dispatchMessage(Handler.java:106)
05-10 13:07:58.859  7284  7284 E unknown:ReactHost: 	at android.os.Looper.loopOnce(Looper.java:205)
05-10 13:07:58.859  7284  7284 E unknown:ReactHost: 	at android.os.Looper.loop(Looper.java:294)
05-10 13:07:58.859  7284  7284 E unknown:ReactHost: 	at android.app.ActivityThread.main(ActivityThread.java:8177)
05-10 13:07:58.859  7284  7284 E unknown:ReactHost: 	at java.lang.reflect.Method.invoke(Native Method)
05-10 13:07:58.859  7284  7284 E unknown:ReactHost: 	at com.android.internal.os.RuntimeInit$MethodAndArgsCaller.run(RuntimeInit.java:552)
05-10 13:07:58.859  7284  7284 E unknown:ReactHost: 	at com.android.internal.os.ZygoteInit.main(ZygoteInit.java:971)
05-10 13:07:58.924  7284  7350 W samplifycognito: Long monitor contention with owner AsyncTask #1 (7347) at java.lang.String com.facebook.react.modules.systeminfo.AndroidInfoHelpers.getMetroHostPropValue()(AndroidInfoHelpers.kt:136) waiters=0 in java.lang.String com.facebook.react.modules.systeminfo.AndroidInfoHelpers.getMetroHostPropValue() for 372ms
05-10 13:07:58.996  7284  7359 D TrafficStats: tagSocket(91) with statsTag=0xffffffff, statsUid=-1
05-10 13:07:59.143  7284  7359 W unknown:BridgelessReact: ReactHost{0}.isMetroRunning(): Async result = true
05-10 13:07:59.153  7284  7350 W unknown:BridgelessReact: ReactHost{0}.loadJSBundleFromMetro()
05-10 13:07:59.160  7284  7350 D Detox.RNMarker: DOWNLOAD_START (null)
05-10 13:07:59.207  7284  7284 D CompatibilityChangeReporter: Compat change id reported: 210923482; UID 10215; state: ENABLED
05-10 13:07:59.301  7284  7340 E OpenGLRenderer: Unable to match the desired swap behavior.
05-10 13:07:59.382  7284  7350 W samplifycognito: Verification of void com.facebook.react.devsupport.BundleDownloader$downloadBundleFromURL$1.onResponse(okhttp3.Call, okhttp3.Response) took 148.182ms (1747.84 bytecodes/s) (7448B approximate peak alloc)
05-10 13:07:59.604  7284  7363 D TrafficStats: tagSocket(99) with statsTag=0xffffffff, statsUid=-1
05-10 13:07:59.767  7284  7364 D TrafficStats: tagSocket(118) with statsTag=0xffffffff, statsUid=-1
05-10 13:08:00.403  7284  7290 I samplifycognito: Background concu